{"C:\\Users\\Francesco\\Desktop\\ShowRoom3D\\prova-react\\src\\main.jsx": {"path":"C:\\Users\\Francesco\\Desktop\\ShowRoom3D\\prova-react\\src\\main.jsx","statementMap":{"0":{"start":{"line":9,"column":0},"end":{"line":15,"column":1}}},"fnMap":{},"branchMap":{},"s":{"0":0},"f":{},"b":{}}
,"C:\\Users\\Francesco\\Desktop\\ShowRoom3D\\prova-react\\src\\app\\App.jsx": {"path":"C:\\Users\\Francesco\\Desktop\\ShowRoom3D\\prova-react\\src\\app\\App.jsx","statementMap":{"0":{"start":{"line":9,"column":58},"end":{"line":9,"column":72}},"1":{"start":{"line":10,"column":50},"end":{"line":10,"column":65}},"2":{"start":{"line":12,"column":2},"end":{"line":24,"column":4}}},"fnMap":{"0":{"name":"App","decl":{"start":{"line":8,"column":24},"end":{"line":8,"column":27}},"loc":{"start":{"line":8,"column":30},"end":{"line":25,"column":1}},"line":8}},"branchMap":{},"s":{"0":0,"1":0,"2":0},"f":{"0":0},"b":{}}
,"C:\\Users\\Francesco\\Desktop\\ShowRoom3D\\prova-react\\src\\app\\Store.js": {"path":"C:\\Users\\Francesco\\Desktop\\ShowRoom3D\\prova-react\\src\\app\\Store.js","statementMap":{"0":{"start":{"line":4,"column":14},"end":{"line":6,"column":2}}},"fnMap":{},"branchMap":{},"s":{"0":1},"f":{},"b":{},"_coverageSchema":"1a1c01bbd47fc00a2c39e90264f33305004495a9","hash":"a72e3190c6dd3c9352301c2c94303c35481e988f"}
,"C:\\Users\\Francesco\\Desktop\\ShowRoom3D\\prova-react\\src\\app\\rootReducer.js": {"path":"C:\\Users\\Francesco\\Desktop\\ShowRoom3D\\prova-react\\src\\app\\rootReducer.js","statementMap":{"0":{"start":{"line":7,"column":20},"end":{"line":12,"column":2}}},"fnMap":{},"branchMap":{},"s":{"0":1},"f":{},"b":{},"_coverageSchema":"1a1c01bbd47fc00a2c39e90264f33305004495a9","hash":"732963068988cd51a98d3b1dc6d82c568e4c5e5e"}
,"C:\\Users\\Francesco\\Desktop\\ShowRoom3D\\prova-react\\src\\common\\ControlsContext.js": {"path":"C:\\Users\\Francesco\\Desktop\\ShowRoom3D\\prova-react\\src\\common\\ControlsContext.js","statementMap":{"0":{"start":{"line":3,"column":24},"end":{"line":6,"column":2}}},"fnMap":{"0":{"name":"(anonymous_0)","decl":{"start":{"line":4,"column":16},"end":{"line":4,"column":17}},"loc":{"start":{"line":4,"column":22},"end":{"line":4,"column":24}},"line":4},"1":{"name":"(anonymous_1)","decl":{"start":{"line":5,"column":18},"end":{"line":5,"column":19}},"loc":{"start":{"line":5,"column":24},"end":{"line":5,"column":26}},"line":5}},"branchMap":{},"s":{"0":0},"f":{"0":0,"1":0},"b":{}}
,"C:\\Users\\Francesco\\Desktop\\ShowRoom3D\\prova-react\\src\\common\\ProductInteractionContext.js": {"path":"C:\\Users\\Francesco\\Desktop\\ShowRoom3D\\prova-react\\src\\common\\ProductInteractionContext.js","statementMap":{"0":{"start":{"line":3,"column":34},"end":{"line":6,"column":2}}},"fnMap":{"0":{"name":"(anonymous_0)","decl":{"start":{"line":5,"column":27},"end":{"line":5,"column":28}},"loc":{"start":{"line":5,"column":33},"end":{"line":5,"column":35}},"line":5}},"branchMap":{},"s":{"0":0},"f":{"0":0},"b":{}}
,"C:\\Users\\Francesco\\Desktop\\ShowRoom3D\\prova-react\\src\\common\\SidebarContext.js": {"path":"C:\\Users\\Francesco\\Desktop\\ShowRoom3D\\prova-react\\src\\common\\SidebarContext.js","statementMap":{"0":{"start":{"line":3,"column":23},"end":{"line":3,"column":96}}},"fnMap":{"0":{"name":"(anonymous_0)","decl":{"start":{"line":3,"column":85},"end":{"line":3,"column":86}},"loc":{"start":{"line":3,"column":91},"end":{"line":3,"column":93}},"line":3}},"branchMap":{},"s":{"0":0},"f":{"0":0},"b":{}}
,"C:\\Users\\Francesco\\Desktop\\ShowRoom3D\\prova-react\\src\\common\\debounce.js": {"path":"C:\\Users\\Francesco\\Desktop\\ShowRoom3D\\prova-react\\src\\common\\debounce.js","statementMap":{"0":{"start":{"line":1,"column":24},"end":{"line":8,"column":3}},"1":{"start":{"line":3,"column":4},"end":{"line":7,"column":6}},"2":{"start":{"line":4,"column":22},"end":{"line":4,"column":26}},"3":{"start":{"line":5,"column":6},"end":{"line":5,"column":28}},"4":{"start":{"line":6,"column":6},"end":{"line":6,"column":66}},"5":{"start":{"line":6,"column":33},"end":{"line":6,"column":58}}},"fnMap":{"0":{"name":"(anonymous_0)","decl":{"start":{"line":1,"column":24},"end":{"line":1,"column":25}},"loc":{"start":{"line":1,"column":40},"end":{"line":8,"column":3}},"line":1},"1":{"name":"(anonymous_1)","decl":{"start":{"line":3,"column":11},"end":{"line":3,"column":12}},"loc":{"start":{"line":3,"column":30},"end":{"line":7,"column":5}},"line":3},"2":{"name":"(anonymous_2)","decl":{"start":{"line":6,"column":27},"end":{"line":6,"column":28}},"loc":{"start":{"line":6,"column":33},"end":{"line":6,"column":58}},"line":6}},"branchMap":{},"s":{"0":0,"1":0,"2":0,"3":0,"4":0,"5":0},"f":{"0":0,"1":0,"2":0},"b":{}}
,"C:\\Users\\Francesco\\Desktop\\ShowRoom3D\\prova-react\\src\\common\\useKeyboard.jsx": {"path":"C:\\Users\\Francesco\\Desktop\\ShowRoom3D\\prova-react\\src\\common\\useKeyboard.jsx","statementMap":{"0":{"start":{"line":4,"column":17},"end":{"line":4,"column":27}},"1":{"start":{"line":6,"column":2},"end":{"line":16,"column":4}},"2":{"start":{"line":7,"column":26},"end":{"line":9,"column":5}},"3":{"start":{"line":8,"column":6},"end":{"line":8,"column":51}},"4":{"start":{"line":10,"column":4},"end":{"line":10,"column":55}},"5":{"start":{"line":11,"column":4},"end":{"line":11,"column":53}},"6":{"start":{"line":12,"column":4},"end":{"line":15,"column":5}},"7":{"start":{"line":13,"column":6},"end":{"line":13,"column":60}},"8":{"start":{"line":14,"column":6},"end":{"line":14,"column":58}},"9":{"start":{"line":18,"column":2},"end":{"line":18,"column":23}}},"fnMap":{"0":{"name":"useKeyboard","decl":{"start":{"line":3,"column":24},"end":{"line":3,"column":35}},"loc":{"start":{"line":3,"column":38},"end":{"line":19,"column":1}},"line":3},"1":{"name":"(anonymous_1)","decl":{"start":{"line":6,"column":12},"end":{"line":6,"column":13}},"loc":{"start":{"line":6,"column":18},"end":{"line":16,"column":3}},"line":6},"2":{"name":"(anonymous_2)","decl":{"start":{"line":7,"column":26},"end":{"line":7,"column":27}},"loc":{"start":{"line":7,"column":33},"end":{"line":9,"column":5}},"line":7},"3":{"name":"(anonymous_3)","decl":{"start":{"line":12,"column":11},"end":{"line":12,"column":12}},"loc":{"start":{"line":12,"column":17},"end":{"line":15,"column":5}},"line":12}},"branchMap":{},"s":{"0":0,"1":0,"2":0,"3":0,"4":0,"5":0,"6":0,"7":0,"8":0,"9":0},"f":{"0":0,"1":0,"2":0,"3":0},"b":{}}
,"C:\\Users\\Francesco\\Desktop\\ShowRoom3D\\prova-react\\src\\common\\useOctree.jsx": {"path":"C:\\Users\\Francesco\\Desktop\\ShowRoom3D\\prova-react\\src\\common\\useOctree.jsx","statementMap":{"0":{"start":{"line":6,"column":17},"end":{"line":9,"column":13}},"1":{"start":{"line":7,"column":4},"end":{"line":7,"column":29}},"2":{"start":{"line":8,"column":4},"end":{"line":8,"column":44}},"3":{"start":{"line":11,"column":2},"end":{"line":11,"column":15}}},"fnMap":{"0":{"name":"useOctree","decl":{"start":{"line":4,"column":24},"end":{"line":4,"column":33}},"loc":{"start":{"line":4,"column":41},"end":{"line":12,"column":1}},"line":4},"1":{"name":"(anonymous_1)","decl":{"start":{"line":6,"column":25},"end":{"line":6,"column":26}},"loc":{"start":{"line":6,"column":31},"end":{"line":9,"column":3}},"line":6}},"branchMap":{},"s":{"0":0,"1":0,"2":0,"3":0},"f":{"0":0,"1":0},"b":{}}
,"C:\\Users\\Francesco\\Desktop\\ShowRoom3D\\prova-react\\src\\common\\useOctreeHelper.jsx": {"path":"C:\\Users\\Francesco\\Desktop\\ShowRoom3D\\prova-react\\src\\common\\useOctreeHelper.jsx","statementMap":{"0":{"start":{"line":8,"column":20},"end":{"line":8,"column":30}},"1":{"start":{"line":9,"column":2},"end":{"line":18,"column":21}},"2":{"start":{"line":10,"column":4},"end":{"line":10,"column":35}},"3":{"start":{"line":11,"column":19},"end":{"line":11,"column":54}},"4":{"start":{"line":12,"column":4},"end":{"line":12,"column":32}},"5":{"start":{"line":13,"column":4},"end":{"line":13,"column":21}},"6":{"start":{"line":14,"column":4},"end":{"line":17,"column":5}},"7":{"start":{"line":15,"column":6},"end":{"line":15,"column":42}},"8":{"start":{"line":16,"column":6},"end":{"line":16,"column":26}},"9":{"start":{"line":20,"column":2},"end":{"line":28,"column":4}},"10":{"start":{"line":24,"column":8},"end":{"line":24,"column":57}},"11":{"start":{"line":25,"column":8},"end":{"line":25,"column":117}},"12":{"start":{"line":25,"column":62},"end":{"line":25,"column":117}}},"fnMap":{"0":{"name":"useOctreeHelper","decl":{"start":{"line":6,"column":24},"end":{"line":6,"column":39}},"loc":{"start":{"line":6,"column":48},"end":{"line":29,"column":1}},"line":6},"1":{"name":"(anonymous_1)","decl":{"start":{"line":9,"column":12},"end":{"line":9,"column":13}},"loc":{"start":{"line":9,"column":18},"end":{"line":18,"column":3}},"line":9},"2":{"name":"(anonymous_2)","decl":{"start":{"line":14,"column":11},"end":{"line":14,"column":12}},"loc":{"start":{"line":14,"column":17},"end":{"line":17,"column":5}},"line":14},"3":{"name":"(anonymous_3)","decl":{"start":{"line":23,"column":16},"end":{"line":23,"column":17}},"loc":{"start":{"line":23,"column":23},"end":{"line":26,"column":7}},"line":23}},"branchMap":{"0":{"loc":{"start":{"line":25,"column":8},"end":{"line":25,"column":117}},"type":"if","locations":[{"start":{"line":25,"column":8},"end":{"line":25,"column":117}},{"start":{},"end":{}}],"line":25}},"s":{"0":0,"1":0,"2":0,"3":0,"4":0,"5":0,"6":0,"7":0,"8":0,"9":0,"10":0,"11":0,"12":0},"f":{"0":0,"1":0,"2":0,"3":0},"b":{"0":[0,0]}}
,"C:\\Users\\Francesco\\Desktop\\ShowRoom3D\\prova-react\\src\\common\\useThrottledDispatch.jsx": {"path":"C:\\Users\\Francesco\\Desktop\\ShowRoom3D\\prova-react\\src\\common\\useThrottledDispatch.jsx","statementMap":{"0":{"start":{"line":4,"column":19},"end":{"line":4,"column":32}},"1":{"start":{"line":5,"column":21},"end":{"line":5,"column":33}},"2":{"start":{"line":7,"column":2},"end":{"line":9,"column":14}},"3":{"start":{"line":8,"column":4},"end":{"line":8,"column":29}},"4":{"start":{"line":11,"column":2},"end":{"line":24,"column":22}},"5":{"start":{"line":12,"column":27},"end":{"line":15,"column":5}},"6":{"start":{"line":13,"column":6},"end":{"line":13,"column":31}},"7":{"start":{"line":14,"column":6},"end":{"line":14,"column":32}},"8":{"start":{"line":17,"column":4},"end":{"line":19,"column":5}},"9":{"start":{"line":18,"column":6},"end":{"line":18,"column":61}},"10":{"start":{"line":21,"column":4},"end":{"line":23,"column":6}},"11":{"start":{"line":22,"column":6},"end":{"line":22,"column":39}}},"fnMap":{"0":{"name":"useThrottledDispatch","decl":{"start":{"line":3,"column":9},"end":{"line":3,"column":29}},"loc":{"start":{"line":3,"column":52},"end":{"line":25,"column":1}},"line":3},"1":{"name":"(anonymous_1)","decl":{"start":{"line":7,"column":12},"end":{"line":7,"column":13}},"loc":{"start":{"line":7,"column":18},"end":{"line":9,"column":3}},"line":7},"2":{"name":"(anonymous_2)","decl":{"start":{"line":11,"column":12},"end":{"line":11,"column":13}},"loc":{"start":{"line":11,"column":18},"end":{"line":24,"column":3}},"line":11},"3":{"name":"(anonymous_3)","decl":{"start":{"line":12,"column":27},"end":{"line":12,"column":28}},"loc":{"start":{"line":12,"column":33},"end":{"line":15,"column":5}},"line":12},"4":{"name":"(anonymous_4)","decl":{"start":{"line":21,"column":11},"end":{"line":21,"column":12}},"loc":{"start":{"line":21,"column":17},"end":{"line":23,"column":5}},"line":21}},"branchMap":{"0":{"loc":{"start":{"line":17,"column":4},"end":{"line":19,"column":5}},"type":"if","locations":[{"start":{"line":17,"column":4},"end":{"line":19,"column":5}},{"start":{},"end":{}}],"line":17}},"s":{"0":0,"1":0,"2":0,"3":0,"4":0,"5":0,"6":0,"7":0,"8":0,"9":0,"10":0,"11":0},"f":{"0":0,"1":0,"2":0,"3":0,"4":0},"b":{"0":[0,0]}}
,"C:\\Users\\Francesco\\Desktop\\ShowRoom3D\\prova-react\\src\\features\\UI\\UI.jsx": {"path":"C:\\Users\\Francesco\\Desktop\\ShowRoom3D\\prova-react\\src\\features\\UI\\UI.jsx","statementMap":{"0":{"start":{"line":9,"column":11},"end":{"line":24,"column":1}},"1":{"start":{"line":10,"column":54},"end":{"line":10,"column":80}},"2":{"start":{"line":12,"column":4},"end":{"line":23,"column":5}}},"fnMap":{"0":{"name":"(anonymous_0)","decl":{"start":{"line":9,"column":11},"end":{"line":9,"column":12}},"loc":{"start":{"line":9,"column":32},"end":{"line":24,"column":1}},"line":9}},"branchMap":{"0":{"loc":{"start":{"line":18,"column":13},"end":{"line":18,"column":41}},"type":"binary-expr","locations":[{"start":{"line":18,"column":13},"end":{"line":18,"column":29}},{"start":{"line":18,"column":33},"end":{"line":18,"column":41}}],"line":18}},"s":{"0":0,"1":0,"2":0},"f":{"0":0},"b":{"0":[0,0]}}
,"C:\\Users\\Francesco\\Desktop\\ShowRoom3D\\prova-react\\src\\features\\UI\\Product_UI\\ProductInteractionPrompt.jsx": {"path":"C:\\Users\\Francesco\\Desktop\\ShowRoom3D\\prova-react\\src\\features\\UI\\Product_UI\\ProductInteractionPrompt.jsx","statementMap":{"0":{"start":{"line":4,"column":33},"end":{"line":11,"column":1}},"1":{"start":{"line":6,"column":2},"end":{"line":10,"column":4}}},"fnMap":{"0":{"name":"(anonymous_0)","decl":{"start":{"line":4,"column":33},"end":{"line":4,"column":34}},"loc":{"start":{"line":4,"column":55},"end":{"line":11,"column":1}},"line":4}},"branchMap":{},"s":{"0":0,"1":0},"f":{"0":0},"b":{}}
,"C:\\Users\\Francesco\\Desktop\\ShowRoom3D\\prova-react\\src\\features\\UI\\Product_UI\\ProductSidebar.jsx": {"path":"C:\\Users\\Francesco\\Desktop\\ShowRoom3D\\prova-react\\src\\features\\UI\\Product_UI\\ProductSidebar.jsx","statementMap":{"0":{"start":{"line":8,"column":23},"end":{"line":86,"column":2}},"1":{"start":{"line":10,"column":2},"end":{"line":12,"column":3}},"2":{"start":{"line":11,"column":4},"end":{"line":11,"column":16}},"3":{"start":{"line":15,"column":23},"end":{"line":15,"column":49}},"4":{"start":{"line":17,"column":34},"end":{"line":17,"column":45}},"5":{"start":{"line":19,"column":26},"end":{"line":19,"column":57}},"6":{"start":{"line":19,"column":32},"end":{"line":19,"column":57}},"7":{"start":{"line":20,"column":26},"end":{"line":20,"column":57}},"8":{"start":{"line":20,"column":32},"end":{"line":20,"column":57}},"9":{"start":{"line":22,"column":19},"end":{"line":22,"column":32}},"10":{"start":{"line":23,"column":24},"end":{"line":23,"column":45}},"11":{"start":{"line":25,"column":2},"end":{"line":85,"column":4}},"12":{"start":{"line":38,"column":10},"end":{"line":60,"column":16}},"13":{"start":{"line":48,"column":16},"end":{"line":55,"column":17}},"14":{"start":{"line":49,"column":18},"end":{"line":49,"column":43}},"15":{"start":{"line":50,"column":18},"end":{"line":50,"column":41}},"16":{"start":{"line":51,"column":18},"end":{"line":51,"column":89}},"17":{"start":{"line":53,"column":18},"end":{"line":53,"column":54}},"18":{"start":{"line":54,"column":18},"end":{"line":54,"column":102}},"19":{"start":{"line":82,"column":49},"end":{"line":82,"column":154}}},"fnMap":{"0":{"name":"(anonymous_0)","decl":{"start":{"line":8,"column":34},"end":{"line":8,"column":35}},"loc":{"start":{"line":8,"column":67},"end":{"line":86,"column":1}},"line":8},"1":{"name":"(anonymous_1)","decl":{"start":{"line":19,"column":26},"end":{"line":19,"column":27}},"loc":{"start":{"line":19,"column":32},"end":{"line":19,"column":57}},"line":19},"2":{"name":"(anonymous_2)","decl":{"start":{"line":20,"column":26},"end":{"line":20,"column":27}},"loc":{"start":{"line":20,"column":32},"end":{"line":20,"column":57}},"line":20},"3":{"name":"(anonymous_3)","decl":{"start":{"line":37,"column":30},"end":{"line":37,"column":31}},"loc":{"start":{"line":38,"column":10},"end":{"line":60,"column":16}},"line":38},"4":{"name":"(anonymous_4)","decl":{"start":{"line":47,"column":23},"end":{"line":47,"column":24}},"loc":{"start":{"line":47,"column":30},"end":{"line":56,"column":15}},"line":47},"5":{"name":"(anonymous_5)","decl":{"start":{"line":57,"column":24},"end":{"line":57,"column":25}},"loc":{"start":{"line":57,"column":30},"end":{"line":57,"column":32}},"line":57},"6":{"name":"(anonymous_6)","decl":{"start":{"line":82,"column":45},"end":{"line":82,"column":46}},"loc":{"start":{"line":82,"column":49},"end":{"line":82,"column":154}},"line":82}},"branchMap":{"0":{"loc":{"start":{"line":10,"column":2},"end":{"line":12,"column":3}},"type":"if","locations":[{"start":{"line":10,"column":2},"end":{"line":12,"column":3}},{"start":{},"end":{}}],"line":10},"1":{"loc":{"start":{"line":15,"column":23},"end":{"line":15,"column":49}},"type":"cond-expr","locations":[{"start":{"line":15,"column":35},"end":{"line":15,"column":44}},{"start":{"line":15,"column":47},"end":{"line":15,"column":49}}],"line":15},"2":{"loc":{"start":{"line":48,"column":16},"end":{"line":55,"column":17}},"type":"if","locations":[{"start":{"line":48,"column":16},"end":{"line":55,"column":17}},{"start":{"line":52,"column":23},"end":{"line":55,"column":17}}],"line":48},"3":{"loc":{"start":{"line":48,"column":20},"end":{"line":48,"column":75}},"type":"binary-expr","locations":[{"start":{"line":48,"column":20},"end":{"line":48,"column":36}},{"start":{"line":48,"column":40},"end":{"line":48,"column":75}}],"line":48}},"s":{"0":0,"1":0,"2":0,"3":0,"4":0,"5":0,"6":0,"7":0,"8":0,"9":0,"10":0,"11":0,"12":0,"13":0,"14":0,"15":0,"16":0,"17":0,"18":0,"19":0},"f":{"0":0,"1":0,"2":0,"3":0,"4":0,"5":0,"6":0},"b":{"0":[0,0],"1":[0,0],"2":[0,0],"3":[0,0]}}
,"C:\\Users\\Francesco\\Desktop\\ShowRoom3D\\prova-react\\src\\features\\UI\\Product_UI\\ProductUI.jsx": {"path":"C:\\Users\\Francesco\\Desktop\\ShowRoom3D\\prova-react\\src\\features\\UI\\Product_UI\\ProductUI.jsx","statementMap":{"0":{"start":{"line":10,"column":18},"end":{"line":62,"column":1}},"1":{"start":{"line":11,"column":23},"end":{"line":11,"column":31}},"2":{"start":{"line":13,"column":37},"end":{"line":13,"column":74}},"3":{"start":{"line":14,"column":54},"end":{"line":14,"column":80}},"4":{"start":{"line":15,"column":62},"end":{"line":15,"column":76}},"5":{"start":{"line":17,"column":21},"end":{"line":17,"column":67}},"6":{"start":{"line":17,"column":44},"end":{"line":17,"column":66}},"7":{"start":{"line":19,"column":4},"end":{"line":21,"column":29}},"8":{"start":{"line":20,"column":8},"end":{"line":20,"column":59}},"9":{"start":{"line":23,"column":4},"end":{"line":28,"column":43}},"10":{"start":{"line":24,"column":8},"end":{"line":27,"column":9}},"11":{"start":{"line":25,"column":26},"end":{"line":25,"column":77}},"12":{"start":{"line":25,"column":47},"end":{"line":25,"column":76}},"13":{"start":{"line":26,"column":10},"end":{"line":26,"column":44}},"14":{"start":{"line":30,"column":32},"end":{"line":38,"column":9}},"15":{"start":{"line":31,"column":12},"end":{"line":37,"column":13}},"16":{"start":{"line":32,"column":12},"end":{"line":36,"column":13}},"17":{"start":{"line":33,"column":16},"end":{"line":33,"column":43}},"18":{"start":{"line":34,"column":19},"end":{"line":36,"column":13}},"19":{"start":{"line":35,"column":16},"end":{"line":35,"column":42}},"20":{"start":{"line":41,"column":6},"end":{"line":46,"column":72}},"21":{"start":{"line":42,"column":8},"end":{"line":42,"column":64}},"22":{"start":{"line":43,"column":8},"end":{"line":45,"column":10}},"23":{"start":{"line":44,"column":10},"end":{"line":44,"column":69}},"24":{"start":{"line":49,"column":4},"end":{"line":61,"column":5}}},"fnMap":{"0":{"name":"(anonymous_0)","decl":{"start":{"line":10,"column":18},"end":{"line":10,"column":19}},"loc":{"start":{"line":10,"column":24},"end":{"line":62,"column":1}},"line":10},"1":{"name":"(anonymous_1)","decl":{"start":{"line":17,"column":33},"end":{"line":17,"column":34}},"loc":{"start":{"line":17,"column":44},"end":{"line":17,"column":66}},"line":17},"2":{"name":"(anonymous_2)","decl":{"start":{"line":19,"column":14},"end":{"line":19,"column":15}},"loc":{"start":{"line":19,"column":20},"end":{"line":21,"column":7}},"line":19},"3":{"name":"(anonymous_3)","decl":{"start":{"line":23,"column":14},"end":{"line":23,"column":15}},"loc":{"start":{"line":23,"column":20},"end":{"line":28,"column":7}},"line":23},"4":{"name":"(anonymous_4)","decl":{"start":{"line":25,"column":40},"end":{"line":25,"column":41}},"loc":{"start":{"line":25,"column":47},"end":{"line":25,"column":76}},"line":25},"5":{"name":"(anonymous_5)","decl":{"start":{"line":30,"column":32},"end":{"line":30,"column":33}},"loc":{"start":{"line":30,"column":43},"end":{"line":38,"column":9}},"line":30},"6":{"name":"(anonymous_6)","decl":{"start":{"line":41,"column":16},"end":{"line":41,"column":17}},"loc":{"start":{"line":41,"column":22},"end":{"line":46,"column":7}},"line":41},"7":{"name":"(anonymous_7)","decl":{"start":{"line":43,"column":15},"end":{"line":43,"column":16}},"loc":{"start":{"line":43,"column":21},"end":{"line":45,"column":9}},"line":43}},"branchMap":{"0":{"loc":{"start":{"line":24,"column":8},"end":{"line":27,"column":9}},"type":"if","locations":[{"start":{"line":24,"column":8},"end":{"line":27,"column":9}},{"start":{},"end":{}}],"line":24},"1":{"loc":{"start":{"line":31,"column":12},"end":{"line":37,"column":13}},"type":"if","locations":[{"start":{"line":31,"column":12},"end":{"line":37,"column":13}},{"start":{},"end":{}}],"line":31},"2":{"loc":{"start":{"line":32,"column":12},"end":{"line":36,"column":13}},"type":"if","locations":[{"start":{"line":32,"column":12},"end":{"line":36,"column":13}},{"start":{"line":34,"column":19},"end":{"line":36,"column":13}}],"line":32},"3":{"loc":{"start":{"line":32,"column":16},"end":{"line":32,"column":100}},"type":"binary-expr","locations":[{"start":{"line":32,"column":16},"end":{"line":32,"column":32}},{"start":{"line":32,"column":36},"end":{"line":32,"column":54}},{"start":{"line":32,"column":58},"end":{"line":32,"column":100}}],"line":32},"4":{"loc":{"start":{"line":34,"column":19},"end":{"line":36,"column":13}},"type":"if","locations":[{"start":{"line":34,"column":19},"end":{"line":36,"column":13}},{"start":{},"end":{}}],"line":34},"5":{"loc":{"start":{"line":51,"column":9},"end":{"line":53,"column":9}},"type":"binary-expr","locations":[{"start":{"line":51,"column":9},"end":{"line":51,"column":29}},{"start":{"line":51,"column":33},"end":{"line":51,"column":54}},{"start":{"line":52,"column":12},"end":{"line":52,"column":83}}],"line":51}},"s":{"0":0,"1":0,"2":0,"3":0,"4":0,"5":0,"6":0,"7":0,"8":0,"9":0,"10":0,"11":0,"12":0,"13":0,"14":0,"15":0,"16":0,"17":0,"18":0,"19":0,"20":0,"21":0,"22":0,"23":0,"24":0},"f":{"0":0,"1":0,"2":0,"3":0,"4":0,"5":0,"6":0,"7":0},"b":{"0":[0,0],"1":[0,0],"2":[0,0],"3":[0,0,0],"4":[0,0],"5":[0,0,0]}}
,"C:\\Users\\Francesco\\Desktop\\ShowRoom3D\\prova-react\\src\\features\\UI\\UI_elements\\Crosshair.jsx": {"path":"C:\\Users\\Francesco\\Desktop\\ShowRoom3D\\prova-react\\src\\features\\UI\\UI_elements\\Crosshair.jsx","statementMap":{"0":{"start":{"line":6,"column":18},"end":{"line":11,"column":1}},"1":{"start":{"line":7,"column":35},"end":{"line":7,"column":72}},"2":{"start":{"line":8,"column":25},"end":{"line":8,"column":90}},"3":{"start":{"line":10,"column":2},"end":{"line":10,"column":48}}},"fnMap":{"0":{"name":"(anonymous_0)","decl":{"start":{"line":6,"column":18},"end":{"line":6,"column":19}},"loc":{"start":{"line":6,"column":24},"end":{"line":11,"column":1}},"line":6}},"branchMap":{"0":{"loc":{"start":{"line":8,"column":25},"end":{"line":8,"column":90}},"type":"cond-expr","locations":[{"start":{"line":8,"column":48},"end":{"line":8,"column":76}},{"start":{"line":8,"column":79},"end":{"line":8,"column":90}}],"line":8}},"s":{"0":0,"1":0,"2":0,"3":0},"f":{"0":0},"b":{"0":[0,0]}}
,"C:\\Users\\Francesco\\Desktop\\ShowRoom3D\\prova-react\\src\\features\\UI\\UI_elements\\PlayerPosition.jsx": {"path":"C:\\Users\\Francesco\\Desktop\\ShowRoom3D\\prova-react\\src\\features\\UI\\UI_elements\\PlayerPosition.jsx","statementMap":{"0":{"start":{"line":5,"column":23},"end":{"line":20,"column":1}},"1":{"start":{"line":6,"column":25},"end":{"line":6,"column":70}},"2":{"start":{"line":6,"column":48},"end":{"line":6,"column":69}},"3":{"start":{"line":8,"column":2},"end":{"line":19,"column":4}}},"fnMap":{"0":{"name":"(anonymous_0)","decl":{"start":{"line":5,"column":23},"end":{"line":5,"column":24}},"loc":{"start":{"line":5,"column":29},"end":{"line":20,"column":1}},"line":5},"1":{"name":"(anonymous_1)","decl":{"start":{"line":6,"column":37},"end":{"line":6,"column":38}},"loc":{"start":{"line":6,"column":48},"end":{"line":6,"column":69}},"line":6}},"branchMap":{},"s":{"0":0,"1":0,"2":0,"3":0},"f":{"0":0,"1":0},"b":{}}
,"C:\\Users\\Francesco\\Desktop\\ShowRoom3D\\prova-react\\src\\features\\cart\\Cart.jsx": {"path":"C:\\Users\\Francesco\\Desktop\\ShowRoom3D\\prova-react\\src\\features\\cart\\Cart.jsx","statementMap":{"0":{"start":{"line":8,"column":13},"end":{"line":38,"column":1}},"1":{"start":{"line":9,"column":18},"end":{"line":9,"column":48}},"2":{"start":{"line":10,"column":22},"end":{"line":10,"column":52}},"3":{"start":{"line":11,"column":21},"end":{"line":11,"column":34}},"4":{"start":{"line":13,"column":22},"end":{"line":13,"column":60}},"5":{"start":{"line":14,"column":4},"end":{"line":20,"column":7}},"6":{"start":{"line":15,"column":8},"end":{"line":19,"column":9}},"7":{"start":{"line":16,"column":12},"end":{"line":16,"column":37}},"8":{"start":{"line":17,"column":14},"end":{"line":19,"column":9}},"9":{"start":{"line":18,"column":12},"end":{"line":18,"column":38}},"10":{"start":{"line":22,"column":4},"end":{"line":37,"column":6}},"11":{"start":{"line":27,"column":20},"end":{"line":27,"column":132}},"12":{"start":{"line":34,"column":53},"end":{"line":34,"column":79}}},"fnMap":{"0":{"name":"(anonymous_0)","decl":{"start":{"line":8,"column":13},"end":{"line":8,"column":14}},"loc":{"start":{"line":8,"column":18},"end":{"line":38,"column":1}},"line":8},"1":{"name":"(anonymous_1)","decl":{"start":{"line":14,"column":29},"end":{"line":14,"column":30}},"loc":{"start":{"line":14,"column":34},"end":{"line":20,"column":5}},"line":14},"2":{"name":"(anonymous_2)","decl":{"start":{"line":26,"column":27},"end":{"line":26,"column":28}},"loc":{"start":{"line":26,"column":39},"end":{"line":28,"column":17}},"line":26},"3":{"name":"(anonymous_3)","decl":{"start":{"line":34,"column":49},"end":{"line":34,"column":50}},"loc":{"start":{"line":34,"column":53},"end":{"line":34,"column":79}},"line":34}},"branchMap":{"0":{"loc":{"start":{"line":15,"column":8},"end":{"line":19,"column":9}},"type":"if","locations":[{"start":{"line":15,"column":8},"end":{"line":19,"column":9}},{"start":{"line":17,"column":14},"end":{"line":19,"column":9}}],"line":15},"1":{"loc":{"start":{"line":17,"column":14},"end":{"line":19,"column":9}},"type":"if","locations":[{"start":{"line":17,"column":14},"end":{"line":19,"column":9}},{"start":{},"end":{}}],"line":17}},"s":{"0":1,"1":4,"2":3,"3":3,"4":3,"5":3,"6":0,"7":0,"8":0,"9":0,"10":3,"11":1,"12":0},"f":{"0":4,"1":0,"2":1,"3":0},"b":{"0":[0,0],"1":[0,0]},"_coverageSchema":"1a1c01bbd47fc00a2c39e90264f33305004495a9","hash":"f868bccf47bccbb7d341d505973d5941cfc8a74d"}
,"C:\\Users\\Francesco\\Desktop\\ShowRoom3D\\prova-react\\src\\features\\cart\\CartItem.jsx": {"path":"C:\\Users\\Francesco\\Desktop\\ShowRoom3D\\prova-react\\src\\features\\cart\\CartItem.jsx","statementMap":{"0":{"start":{"line":5,"column":17},"end":{"line":19,"column":1}},"1":{"start":{"line":6,"column":21},"end":{"line":6,"column":34}},"2":{"start":{"line":7,"column":4},"end":{"line":18,"column":6}},"3":{"start":{"line":15,"column":63},"end":{"line":15,"column":169}}},"fnMap":{"0":{"name":"(anonymous_0)","decl":{"start":{"line":5,"column":17},"end":{"line":5,"column":18}},"loc":{"start":{"line":5,"column":27},"end":{"line":19,"column":1}},"line":5},"1":{"name":"(anonymous_1)","decl":{"start":{"line":15,"column":59},"end":{"line":15,"column":60}},"loc":{"start":{"line":15,"column":63},"end":{"line":15,"column":169}},"line":15}},"branchMap":{},"s":{"0":1,"1":2,"2":1,"3":0},"f":{"0":2,"1":0},"b":{},"_coverageSchema":"1a1c01bbd47fc00a2c39e90264f33305004495a9","hash":"dcaccd44760d5e7b23322b37b1c682dd7eb087d4"}
,"C:\\Users\\Francesco\\Desktop\\ShowRoom3D\\prova-react\\src\\features\\cart\\cartSlice.js": {"path":"C:\\Users\\Francesco\\Desktop\\ShowRoom3D\\prova-react\\src\\features\\cart\\cartSlice.js","statementMap":{"0":{"start":{"line":3,"column":19},"end":{"line":6,"column":1}},"1":{"start":{"line":8,"column":16},"end":{"line":45,"column":2}},"2":{"start":{"line":13,"column":24},"end":{"line":13,"column":141}},"3":{"start":{"line":13,"column":59},"end":{"line":13,"column":139}},"4":{"start":{"line":14,"column":12},"end":{"line":25,"column":13}},"5":{"start":{"line":15,"column":16},"end":{"line":21,"column":19}},"6":{"start":{"line":23,"column":16},"end":{"line":23,"column":75}},"7":{"start":{"line":24,"column":16},"end":{"line":24,"column":97}},"8":{"start":{"line":26,"column":12},"end":{"line":28,"column":16}},"9":{"start":{"line":31,"column":32},"end":{"line":31,"column":136}},"10":{"start":{"line":31,"column":67},"end":{"line":31,"column":135}},"11":{"start":{"line":32,"column":12},"end":{"line":32,"column":112}},"12":{"start":{"line":33,"column":12},"end":{"line":38,"column":13}},"13":{"start":{"line":34,"column":16},"end":{"line":34,"column":54}},"14":{"start":{"line":36,"column":16},"end":{"line":36,"column":59}},"15":{"start":{"line":37,"column":16},"end":{"line":37,"column":154}},"16":{"start":{"line":41,"column":12},"end":{"line":41,"column":38}},"17":{"start":{"line":42,"column":12},"end":{"line":42,"column":30}},"18":{"start":{"line":46,"column":49},"end":{"line":46,"column":66}},"19":{"start":{"line":47,"column":31},"end":{"line":47,"column":60}},"20":{"start":{"line":47,"column":40},"end":{"line":47,"column":60}},"21":{"start":{"line":48,"column":31},"end":{"line":48,"column":60}},"22":{"start":{"line":48,"column":40},"end":{"line":48,"column":60}}},"fnMap":{"0":{"name":"(anonymous_0)","decl":{"start":{"line":12,"column":16},"end":{"line":12,"column":17}},"loc":{"start":{"line":12,"column":32},"end":{"line":29,"column":9}},"line":12},"1":{"name":"(anonymous_1)","decl":{"start":{"line":13,"column":50},"end":{"line":13,"column":51}},"loc":{"start":{"line":13,"column":58},"end":{"line":13,"column":140}},"line":13},"2":{"name":"(anonymous_2)","decl":{"start":{"line":30,"column":20},"end":{"line":30,"column":21}},"loc":{"start":{"line":30,"column":36},"end":{"line":39,"column":9}},"line":30},"3":{"name":"(anonymous_3)","decl":{"start":{"line":31,"column":58},"end":{"line":31,"column":59}},"loc":{"start":{"line":31,"column":67},"end":{"line":31,"column":135}},"line":31},"4":{"name":"(anonymous_4)","decl":{"start":{"line":40,"column":24},"end":{"line":40,"column":25}},"loc":{"start":{"line":40,"column":33},"end":{"line":43,"column":9}},"line":40},"5":{"name":"(anonymous_5)","decl":{"start":{"line":47,"column":31},"end":{"line":47,"column":32}},"loc":{"start":{"line":47,"column":40},"end":{"line":47,"column":60}},"line":47},"6":{"name":"(anonymous_6)","decl":{"start":{"line":48,"column":31},"end":{"line":48,"column":32}},"loc":{"start":{"line":48,"column":40},"end":{"line":48,"column":60}},"line":48}},"branchMap":{"0":{"loc":{"start":{"line":13,"column":66},"end":{"line":13,"column":138}},"type":"binary-expr","locations":[{"start":{"line":13,"column":67},"end":{"line":13,"column":96}},{"start":{"line":13,"column":102},"end":{"line":13,"column":137}}],"line":13},"1":{"loc":{"start":{"line":14,"column":12},"end":{"line":25,"column":13}},"type":"if","locations":[{"start":{"line":14,"column":12},"end":{"line":25,"column":13}},{"start":{"line":22,"column":17},"end":{"line":25,"column":13}}],"line":14},"2":{"loc":{"start":{"line":31,"column":67},"end":{"line":31,"column":135}},"type":"binary-expr","locations":[{"start":{"line":31,"column":68},"end":{"line":31,"column":95}},{"start":{"line":31,"column":101},"end":{"line":31,"column":134}}],"line":31},"3":{"loc":{"start":{"line":33,"column":12},"end":{"line":38,"column":13}},"type":"if","locations":[{"start":{"line":33,"column":12},"end":{"line":38,"column":13}},{"start":{"line":35,"column":17},"end":{"line":38,"column":13}}],"line":33}},"s":{"0":1,"1":1,"2":5,"3":4,"4":5,"5":4,"6":1,"7":1,"8":5,"9":2,"10":4,"11":2,"12":2,"13":1,"14":1,"15":1,"16":2,"17":2,"18":1,"19":1,"20":3,"21":1,"22":3},"f":{"0":5,"1":4,"2":2,"3":4,"4":2,"5":3,"6":3},"b":{"0":[4,1],"1":[4,1],"2":[4,2],"3":[1,1]},"_coverageSchema":"1a1c01bbd47fc00a2c39e90264f33305004495a9","hash":"c8ecc499dcfd9397ee4d59de5405db54f50122d6"}
,"C:\\Users\\Francesco\\Desktop\\ShowRoom3D\\prova-react\\src\\features\\decorations\\Decoration.jsx": {"path":"C:\\Users\\Francesco\\Desktop\\ShowRoom3D\\prova-react\\src\\features\\decorations\\Decoration.jsx","statementMap":{"0":{"start":{"line":5,"column":19},"end":{"line":33,"column":1}},"1":{"start":{"line":6,"column":16},"end":{"line":6,"column":33}},"2":{"start":{"line":7,"column":2},"end":{"line":7,"column":41}},"3":{"start":{"line":8,"column":2},"end":{"line":8,"column":69}},"4":{"start":{"line":10,"column":14},"end":{"line":10,"column":42}},"5":{"start":{"line":11,"column":22},"end":{"line":11,"column":39}},"6":{"start":{"line":13,"column":24},"end":{"line":13,"column":93}},"7":{"start":{"line":15,"column":2},"end":{"line":22,"column":35}},"8":{"start":{"line":16,"column":4},"end":{"line":21,"column":7}},"9":{"start":{"line":17,"column":6},"end":{"line":20,"column":7}},"10":{"start":{"line":18,"column":8},"end":{"line":18,"column":32}},"11":{"start":{"line":19,"column":8},"end":{"line":19,"column":35}},"12":{"start":{"line":24,"column":2},"end":{"line":32,"column":4}}},"fnMap":{"0":{"name":"(anonymous_0)","decl":{"start":{"line":5,"column":19},"end":{"line":5,"column":20}},"loc":{"start":{"line":5,"column":39},"end":{"line":33,"column":1}},"line":5},"1":{"name":"(anonymous_1)","decl":{"start":{"line":15,"column":12},"end":{"line":15,"column":13}},"loc":{"start":{"line":15,"column":18},"end":{"line":22,"column":3}},"line":15},"2":{"name":"(anonymous_2)","decl":{"start":{"line":16,"column":25},"end":{"line":16,"column":26}},"loc":{"start":{"line":16,"column":36},"end":{"line":21,"column":5}},"line":16}},"branchMap":{"0":{"loc":{"start":{"line":17,"column":6},"end":{"line":20,"column":7}},"type":"if","locations":[{"start":{"line":17,"column":6},"end":{"line":20,"column":7}},{"start":{},"end":{}}],"line":17}},"s":{"0":0,"1":0,"2":0,"3":0,"4":0,"5":0,"6":0,"7":0,"8":0,"9":0,"10":0,"11":0,"12":0},"f":{"0":0,"1":0,"2":0},"b":{"0":[0,0]}}
,"C:\\Users\\Francesco\\Desktop\\ShowRoom3D\\prova-react\\src\\features\\decorations\\Decorations.jsx": {"path":"C:\\Users\\Francesco\\Desktop\\ShowRoom3D\\prova-react\\src\\features\\decorations\\Decorations.jsx","statementMap":{"0":{"start":{"line":5,"column":20},"end":{"line":23,"column":1}},"1":{"start":{"line":6,"column":22},"end":{"line":6,"column":74}},"2":{"start":{"line":6,"column":45},"end":{"line":6,"column":73}},"3":{"start":{"line":8,"column":2},"end":{"line":22,"column":4}},"4":{"start":{"line":11,"column":25},"end":{"line":11,"column":94}},"5":{"start":{"line":13,"column":8},"end":{"line":19,"column":10}}},"fnMap":{"0":{"name":"(anonymous_0)","decl":{"start":{"line":5,"column":20},"end":{"line":5,"column":21}},"loc":{"start":{"line":5,"column":36},"end":{"line":23,"column":1}},"line":5},"1":{"name":"(anonymous_1)","decl":{"start":{"line":6,"column":34},"end":{"line":6,"column":35}},"loc":{"start":{"line":6,"column":45},"end":{"line":6,"column":73}},"line":6},"2":{"name":"(anonymous_2)","decl":{"start":{"line":10,"column":23},"end":{"line":10,"column":24}},"loc":{"start":{"line":10,"column":39},"end":{"line":20,"column":7}},"line":10}},"branchMap":{},"s":{"0":0,"1":0,"2":0,"3":0,"4":0,"5":0},"f":{"0":0,"1":0,"2":0},"b":{}}
,"C:\\Users\\Francesco\\Desktop\\ShowRoom3D\\prova-react\\src\\features\\decorations\\decorationSlice.js": {"path":"C:\\Users\\Francesco\\Desktop\\ShowRoom3D\\prova-react\\src\\features\\decorations\\decorationSlice.js","statementMap":{"0":{"start":{"line":4,"column":21},"end":{"line":6,"column":1}},"1":{"start":{"line":8,"column":24},"end":{"line":13,"column":2}}},"fnMap":{},"branchMap":{},"s":{"0":1,"1":1},"f":{},"b":{},"_coverageSchema":"1a1c01bbd47fc00a2c39e90264f33305004495a9","hash":"155616f32eb5b68821eefa45006ed272377a02e7"}
,"C:\\Users\\Francesco\\Desktop\\ShowRoom3D\\prova-react\\src\\features\\lights\\Lights.jsx": {"path":"C:\\Users\\Francesco\\Desktop\\ShowRoom3D\\prova-react\\src\\features\\lights\\Lights.jsx","statementMap":{"0":{"start":{"line":1,"column":15},"end":{"line":19,"column":3}},"1":{"start":{"line":2,"column":4},"end":{"line":18,"column":6}}},"fnMap":{"0":{"name":"(anonymous_0)","decl":{"start":{"line":1,"column":15},"end":{"line":1,"column":16}},"loc":{"start":{"line":1,"column":21},"end":{"line":19,"column":3}},"line":1}},"branchMap":{},"s":{"0":0,"1":0},"f":{"0":0},"b":{}}
,"C:\\Users\\Francesco\\Desktop\\ShowRoom3D\\prova-react\\src\\features\\map\\Map.jsx": {"path":"C:\\Users\\Francesco\\Desktop\\ShowRoom3D\\prova-react\\src\\features\\map\\Map.jsx","statementMap":{"0":{"start":{"line":13,"column":46},"end":{"line":13,"column":58}},"1":{"start":{"line":15,"column":31},"end":{"line":17,"column":3}},"2":{"start":{"line":16,"column":4},"end":{"line":16,"column":39}},"3":{"start":{"line":19,"column":62},"end":{"line":19,"column":76}},"4":{"start":{"line":21,"column":35},"end":{"line":23,"column":3}},"5":{"start":{"line":22,"column":4},"end":{"line":22,"column":43}},"6":{"start":{"line":26,"column":27},"end":{"line":26,"column":64}},"7":{"start":{"line":27,"column":17},"end":{"line":27,"column":33}},"8":{"start":{"line":28,"column":2},"end":{"line":28,"column":26}},"9":{"start":{"line":30,"column":20},"end":{"line":30,"column":30}},"10":{"start":{"line":32,"column":2},"end":{"line":48,"column":4}}},"fnMap":{"0":{"name":"Map","decl":{"start":{"line":11,"column":24},"end":{"line":11,"column":27}},"loc":{"start":{"line":11,"column":30},"end":{"line":49,"column":1}},"line":11},"1":{"name":"(anonymous_1)","decl":{"start":{"line":15,"column":31},"end":{"line":15,"column":32}},"loc":{"start":{"line":15,"column":52},"end":{"line":17,"column":3}},"line":15},"2":{"name":"(anonymous_2)","decl":{"start":{"line":21,"column":35},"end":{"line":21,"column":36}},"loc":{"start":{"line":21,"column":52},"end":{"line":23,"column":3}},"line":21}},"branchMap":{},"s":{"0":0,"1":0,"2":0,"3":0,"4":0,"5":0,"6":0,"7":0,"8":0,"9":0,"10":0},"f":{"0":0,"1":0,"2":0},"b":{}}
,"C:\\Users\\Francesco\\Desktop\\ShowRoom3D\\prova-react\\src\\features\\player\\Player.jsx": {"path":"C:\\Users\\Francesco\\Desktop\\ShowRoom3D\\prova-react\\src\\features\\player\\Player.jsx","statementMap":{"0":{"start":{"line":12,"column":16},"end":{"line":12,"column":18}},"1":{"start":{"line":13,"column":24},"end":{"line":13,"column":25}},"2":{"start":{"line":16,"column":25},"end":{"line":16,"column":70}},"3":{"start":{"line":16,"column":48},"end":{"line":16,"column":69}},"4":{"start":{"line":18,"column":35},"end":{"line":18,"column":44}},"5":{"start":{"line":19,"column":35},"end":{"line":19,"column":44}},"6":{"start":{"line":21,"column":24},"end":{"line":21,"column":37}},"7":{"start":{"line":22,"column":25},"end":{"line":22,"column":57}},"8":{"start":{"line":22,"column":39},"end":{"line":22,"column":52}},"9":{"start":{"line":23,"column":26},"end":{"line":23,"column":58}},"10":{"start":{"line":23,"column":40},"end":{"line":23,"column":53}},"11":{"start":{"line":24,"column":18},"end":{"line":31,"column":3}},"12":{"start":{"line":25,"column":10},"end":{"line":29,"column":5}},"13":{"start":{"line":33,"column":19},"end":{"line":33,"column":32}},"14":{"start":{"line":35,"column":24},"end":{"line":37,"column":3}},"15":{"start":{"line":39,"column":2},"end":{"line":44,"column":4}},"16":{"start":{"line":40,"column":4},"end":{"line":40,"column":59}},"17":{"start":{"line":41,"column":4},"end":{"line":43,"column":5}},"18":{"start":{"line":42,"column":6},"end":{"line":42,"column":64}},"19":{"start":{"line":47,"column":19},"end":{"line":47,"column":32}},"20":{"start":{"line":50,"column":4},"end":{"line":50,"column":45}},"21":{"start":{"line":51,"column":4},"end":{"line":51,"column":25}},"22":{"start":{"line":52,"column":4},"end":{"line":52,"column":31}},"23":{"start":{"line":53,"column":4},"end":{"line":53,"column":26}},"24":{"start":{"line":57,"column":4},"end":{"line":57,"column":45}},"25":{"start":{"line":58,"column":4},"end":{"line":58,"column":25}},"26":{"start":{"line":59,"column":4},"end":{"line":59,"column":31}},"27":{"start":{"line":60,"column":4},"end":{"line":60,"column":36}},"28":{"start":{"line":61,"column":4},"end":{"line":61,"column":26}},"29":{"start":{"line":65,"column":23},"end":{"line":65,"column":55}},"30":{"start":{"line":66,"column":4},"end":{"line":66,"column":110}},"31":{"start":{"line":67,"column":4},"end":{"line":67,"column":109}},"32":{"start":{"line":68,"column":4},"end":{"line":68,"column":112}},"33":{"start":{"line":69,"column":4},"end":{"line":69,"column":113}},"34":{"start":{"line":70,"column":4},"end":{"line":74,"column":5}},"35":{"start":{"line":71,"column":6},"end":{"line":73,"column":7}},"36":{"start":{"line":72,"column":8},"end":{"line":72,"column":29}},"37":{"start":{"line":78,"column":18},"end":{"line":78,"column":42}},"38":{"start":{"line":79,"column":4},"end":{"line":82,"column":5}},"39":{"start":{"line":80,"column":6},"end":{"line":80,"column":41}},"40":{"start":{"line":81,"column":6},"end":{"line":81,"column":20}},"41":{"start":{"line":83,"column":4},"end":{"line":83,"column":59}},"42":{"start":{"line":84,"column":26},"end":{"line":84,"column":70}},"43":{"start":{"line":85,"column":4},"end":{"line":85,"column":36}},"44":{"start":{"line":86,"column":4},"end":{"line":86,"column":69}},"45":{"start":{"line":87,"column":4},"end":{"line":87,"column":37}},"46":{"start":{"line":89,"column":24},"end":{"line":89,"column":41}},"47":{"start":{"line":90,"column":32},"end":{"line":90,"column":36}},"48":{"start":{"line":92,"column":4},"end":{"line":95,"column":5}},"49":{"start":{"line":93,"column":6},"end":{"line":93,"column":86}},"50":{"start":{"line":94,"column":6},"end":{"line":94,"column":53}},"51":{"start":{"line":97,"column":4},"end":{"line":97,"column":24}},"52":{"start":{"line":102,"column":4},"end":{"line":102,"column":30}},"53":{"start":{"line":102,"column":17},"end":{"line":102,"column":30}},"54":{"start":{"line":104,"column":19},"end":{"line":104,"column":51}},"55":{"start":{"line":105,"column":24},"end":{"line":105,"column":29}},"56":{"start":{"line":106,"column":4},"end":{"line":112,"column":5}},"57":{"start":{"line":107,"column":6},"end":{"line":107,"column":41}},"58":{"start":{"line":108,"column":6},"end":{"line":110,"column":7}},"59":{"start":{"line":109,"column":8},"end":{"line":109,"column":89}},"60":{"start":{"line":111,"column":6},"end":{"line":111,"column":67}},"61":{"start":{"line":113,"column":4},"end":{"line":113,"column":24}},"62":{"start":{"line":118,"column":4},"end":{"line":132,"column":5}},"63":{"start":{"line":119,"column":6},"end":{"line":119,"column":33}},"64":{"start":{"line":120,"column":6},"end":{"line":120,"column":33}},"65":{"start":{"line":121,"column":6},"end":{"line":121,"column":31}},"66":{"start":{"line":122,"column":6},"end":{"line":122,"column":39}},"67":{"start":{"line":123,"column":6},"end":{"line":123,"column":34}},"68":{"start":{"line":125,"column":24},"end":{"line":125,"column":41}},"69":{"start":{"line":126,"column":32},"end":{"line":126,"column":36}},"70":{"start":{"line":128,"column":4},"end":{"line":131,"column":5}},"71":{"start":{"line":129,"column":6},"end":{"line":129,"column":86}},"72":{"start":{"line":130,"column":6},"end":{"line":130,"column":53}},"73":{"start":{"line":135,"column":2},"end":{"line":142,"column":4}},"74":{"start":{"line":136,"column":4},"end":{"line":136,"column":83}},"75":{"start":{"line":137,"column":23},"end":{"line":137,"column":62}},"76":{"start":{"line":138,"column":4},"end":{"line":140,"column":5}},"77":{"start":{"line":138,"column":17},"end":{"line":138,"column":18}},"78":{"start":{"line":139,"column":6},"end":{"line":139,"column":118}},"79":{"start":{"line":141,"column":4},"end":{"line":141,"column":56}}},"fnMap":{"0":{"name":"Player","decl":{"start":{"line":15,"column":24},"end":{"line":15,"column":30}},"loc":{"start":{"line":15,"column":43},"end":{"line":143,"column":1}},"line":15},"1":{"name":"(anonymous_1)","decl":{"start":{"line":16,"column":37},"end":{"line":16,"column":38}},"loc":{"start":{"line":16,"column":48},"end":{"line":16,"column":69}},"line":16},"2":{"name":"(anonymous_2)","decl":{"start":{"line":22,"column":33},"end":{"line":22,"column":34}},"loc":{"start":{"line":22,"column":39},"end":{"line":22,"column":52}},"line":22},"3":{"name":"(anonymous_3)","decl":{"start":{"line":23,"column":34},"end":{"line":23,"column":35}},"loc":{"start":{"line":23,"column":40},"end":{"line":23,"column":53}},"line":23},"4":{"name":"(anonymous_4)","decl":{"start":{"line":25,"column":4},"end":{"line":25,"column":5}},"loc":{"start":{"line":25,"column":10},"end":{"line":29,"column":5}},"line":25},"5":{"name":"(anonymous_5)","decl":{"start":{"line":35,"column":24},"end":{"line":35,"column":25}},"loc":{"start":{"line":35,"column":30},"end":{"line":37,"column":3}},"line":35},"6":{"name":"(anonymous_6)","decl":{"start":{"line":39,"column":12},"end":{"line":39,"column":13}},"loc":{"start":{"line":39,"column":18},"end":{"line":44,"column":3}},"line":39},"7":{"name":"(anonymous_7)","decl":{"start":{"line":41,"column":11},"end":{"line":41,"column":12}},"loc":{"start":{"line":41,"column":17},"end":{"line":43,"column":5}},"line":41},"8":{"name":"getForwardVector","decl":{"start":{"line":49,"column":11},"end":{"line":49,"column":27}},"loc":{"start":{"line":49,"column":53},"end":{"line":54,"column":3}},"line":49},"9":{"name":"getSideVector","decl":{"start":{"line":56,"column":11},"end":{"line":56,"column":24}},"loc":{"start":{"line":56,"column":50},"end":{"line":62,"column":3}},"line":56},"10":{"name":"controls","decl":{"start":{"line":64,"column":11},"end":{"line":64,"column":19}},"loc":{"start":{"line":64,"column":83},"end":{"line":75,"column":3}},"line":64},"11":{"name":"updatePlayer","decl":{"start":{"line":77,"column":11},"end":{"line":77,"column":23}},"loc":{"start":{"line":77,"column":87},"end":{"line":98,"column":3}},"line":77},"12":{"name":"playerCollisions","decl":{"start":{"line":101,"column":11},"end":{"line":101,"column":27}},"loc":{"start":{"line":101,"column":61},"end":{"line":114,"column":3}},"line":101},"13":{"name":"teleportPlayerIfOob","decl":{"start":{"line":117,"column":11},"end":{"line":117,"column":30}},"loc":{"start":{"line":117,"column":64},"end":{"line":133,"column":3}},"line":117},"14":{"name":"(anonymous_14)","decl":{"start":{"line":135,"column":11},"end":{"line":135,"column":12}},"loc":{"start":{"line":135,"column":34},"end":{"line":142,"column":3}},"line":135}},"branchMap":{"0":{"loc":{"start":{"line":65,"column":32},"end":{"line":65,"column":54}},"type":"cond-expr","locations":[{"start":{"line":65,"column":48},"end":{"line":65,"column":50}},{"start":{"line":65,"column":53},"end":{"line":65,"column":54}}],"line":65},"1":{"loc":{"start":{"line":66,"column":4},"end":{"line":66,"column":110}},"type":"binary-expr","locations":[{"start":{"line":66,"column":4},"end":{"line":66,"column":20}},{"start":{"line":66,"column":24},"end":{"line":66,"column":110}}],"line":66},"2":{"loc":{"start":{"line":67,"column":4},"end":{"line":67,"column":109}},"type":"binary-expr","locations":[{"start":{"line":67,"column":4},"end":{"line":67,"column":20}},{"start":{"line":67,"column":24},"end":{"line":67,"column":109}}],"line":67},"3":{"loc":{"start":{"line":68,"column":4},"end":{"line":68,"column":112}},"type":"binary-expr","locations":[{"start":{"line":68,"column":4},"end":{"line":68,"column":20}},{"start":{"line":68,"column":24},"end":{"line":68,"column":112}}],"line":68},"4":{"loc":{"start":{"line":69,"column":4},"end":{"line":69,"column":113}},"type":"binary-expr","locations":[{"start":{"line":69,"column":4},"end":{"line":69,"column":20}},{"start":{"line":69,"column":24},"end":{"line":69,"column":113}}],"line":69},"5":{"loc":{"start":{"line":70,"column":4},"end":{"line":74,"column":5}},"type":"if","locations":[{"start":{"line":70,"column":4},"end":{"line":74,"column":5}},{"start":{},"end":{}}],"line":70},"6":{"loc":{"start":{"line":71,"column":6},"end":{"line":73,"column":7}},"type":"if","locations":[{"start":{"line":71,"column":6},"end":{"line":73,"column":7}},{"start":{},"end":{}}],"line":71},"7":{"loc":{"start":{"line":79,"column":4},"end":{"line":82,"column":5}},"type":"if","locations":[{"start":{"line":79,"column":4},"end":{"line":82,"column":5}},{"start":{},"end":{}}],"line":79},"8":{"loc":{"start":{"line":92,"column":4},"end":{"line":95,"column":5}},"type":"if","locations":[{"start":{"line":92,"column":4},"end":{"line":95,"column":5}},{"start":{},"end":{}}],"line":92},"9":{"loc":{"start":{"line":102,"column":4},"end":{"line":102,"column":30}},"type":"if","locations":[{"start":{"line":102,"column":4},"end":{"line":102,"column":30}},{"start":{},"end":{}}],"line":102},"10":{"loc":{"start":{"line":106,"column":4},"end":{"line":112,"column":5}},"type":"if","locations":[{"start":{"line":106,"column":4},"end":{"line":112,"column":5}},{"start":{},"end":{}}],"line":106},"11":{"loc":{"start":{"line":108,"column":6},"end":{"line":110,"column":7}},"type":"if","locations":[{"start":{"line":108,"column":6},"end":{"line":110,"column":7}},{"start":{},"end":{}}],"line":108},"12":{"loc":{"start":{"line":118,"column":4},"end":{"line":132,"column":5}},"type":"if","locations":[{"start":{"line":118,"column":4},"end":{"line":132,"column":5}},{"start":{},"end":{}}],"line":118},"13":{"loc":{"start":{"line":128,"column":4},"end":{"line":131,"column":5}},"type":"if","locations":[{"start":{"line":128,"column":4},"end":{"line":131,"column":5}},{"start":{},"end":{}}],"line":128}},"s":{"0":0,"1":0,"2":0,"3":0,"4":0,"5":0,"6":0,"7":0,"8":0,"9":0,"10":0,"11":0,"12":0,"13":0,"14":0,"15":0,"16":0,"17":0,"18":0,"19":0,"20":0,"21":0,"22":0,"23":0,"24":0,"25":0,"26":0,"27":0,"28":0,"29":0,"30":0,"31":0,"32":0,"33":0,"34":0,"35":0,"36":0,"37":0,"38":0,"39":0,"40":0,"41":0,"42":0,"43":0,"44":0,"45":0,"46":0,"47":0,"48":0,"49":0,"50":0,"51":0,"52":0,"53":0,"54":0,"55":0,"56":0,"57":0,"58":0,"59":0,"60":0,"61":0,"62":0,"63":0,"64":0,"65":0,"66":0,"67":0,"68":0,"69":0,"70":0,"71":0,"72":0,"73":0,"74":0,"75":0,"76":0,"77":0,"78":0,"79":0},"f":{"0":0,"1":0,"2":0,"3":0,"4":0,"5":0,"6":0,"7":0,"8":0,"9":0,"10":0,"11":0,"12":0,"13":0,"14":0},"b":{"0":[0,0],"1":[0,0],"2":[0,0],"3":[0,0],"4":[0,0],"5":[0,0],"6":[0,0],"7":[0,0],"8":[0,0],"9":[0,0],"10":[0,0],"11":[0,0],"12":[0,0],"13":[0,0]}}
,"C:\\Users\\Francesco\\Desktop\\ShowRoom3D\\prova-react\\src\\features\\player\\playerSlice.js": {"path":"C:\\Users\\Francesco\\Desktop\\ShowRoom3D\\prova-react\\src\\features\\player\\playerSlice.js","statementMap":{"0":{"start":{"line":4,"column":27},"end":{"line":7,"column":1}},"1":{"start":{"line":9,"column":20},"end":{"line":20,"column":2}},"2":{"start":{"line":14,"column":6},"end":{"line":14,"column":38}},"3":{"start":{"line":17,"column":6},"end":{"line":17,"column":38}},"4":{"start":{"line":22,"column":44},"end":{"line":22,"column":63}}},"fnMap":{"0":{"name":"(anonymous_0)","decl":{"start":{"line":13,"column":17},"end":{"line":13,"column":18}},"loc":{"start":{"line":13,"column":36},"end":{"line":15,"column":5}},"line":13},"1":{"name":"(anonymous_1)","decl":{"start":{"line":16,"column":17},"end":{"line":16,"column":18}},"loc":{"start":{"line":16,"column":36},"end":{"line":18,"column":5}},"line":16}},"branchMap":{},"s":{"0":1,"1":1,"2":0,"3":0,"4":1},"f":{"0":0,"1":0},"b":{},"_coverageSchema":"1a1c01bbd47fc00a2c39e90264f33305004495a9","hash":"a1a2b653344d40cf58007ac7bc506f4e1d7fd7de"}
,"C:\\Users\\Francesco\\Desktop\\ShowRoom3D\\prova-react\\src\\features\\pointerLock\\pointerLock.jsx": {"path":"C:\\Users\\Francesco\\Desktop\\ShowRoom3D\\prova-react\\src\\features\\pointerLock\\pointerLock.jsx","statementMap":{"0":{"start":{"line":7,"column":20},"end":{"line":65,"column":1}},"1":{"start":{"line":8,"column":25},"end":{"line":8,"column":35}},"2":{"start":{"line":9,"column":52},"end":{"line":9,"column":78}},"3":{"start":{"line":13,"column":2},"end":{"line":33,"column":19}},"4":{"start":{"line":14,"column":4},"end":{"line":14,"column":67}},"5":{"start":{"line":15,"column":4},"end":{"line":15,"column":31}},"6":{"start":{"line":18,"column":36},"end":{"line":24,"column":5}},"7":{"start":{"line":19,"column":6},"end":{"line":23,"column":7}},"8":{"start":{"line":20,"column":8},"end":{"line":20,"column":32}},"9":{"start":{"line":22,"column":8},"end":{"line":22,"column":33}},"10":{"start":{"line":26,"column":4},"end":{"line":26,"column":76}},"11":{"start":{"line":27,"column":4},"end":{"line":27,"column":60}},"12":{"start":{"line":29,"column":4},"end":{"line":32,"column":6}},"13":{"start":{"line":30,"column":6},"end":{"line":30,"column":81}},"14":{"start":{"line":31,"column":6},"end":{"line":31,"column":65}},"15":{"start":{"line":35,"column":2},"end":{"line":47,"column":29}},"16":{"start":{"line":36,"column":24},"end":{"line":40,"column":5}},"17":{"start":{"line":37,"column":6},"end":{"line":39,"column":7}},"18":{"start":{"line":38,"column":8},"end":{"line":38,"column":43}},"19":{"start":{"line":42,"column":4},"end":{"line":42,"column":56}},"20":{"start":{"line":44,"column":4},"end":{"line":46,"column":6}},"21":{"start":{"line":45,"column":6},"end":{"line":45,"column":61}},"22":{"start":{"line":50,"column":2},"end":{"line":57,"column":25}},"23":{"start":{"line":51,"column":4},"end":{"line":56,"column":5}},"24":{"start":{"line":52,"column":6},"end":{"line":52,"column":33}},"25":{"start":{"line":55,"column":6},"end":{"line":55,"column":41}},"26":{"start":{"line":60,"column":2},"end":{"line":62,"column":11}},"27":{"start":{"line":61,"column":4},"end":{"line":61,"column":39}},"28":{"start":{"line":64,"column":2},"end":{"line":64,"column":14}}},"fnMap":{"0":{"name":"(anonymous_0)","decl":{"start":{"line":7,"column":20},"end":{"line":7,"column":21}},"loc":{"start":{"line":7,"column":26},"end":{"line":65,"column":1}},"line":7},"1":{"name":"(anonymous_1)","decl":{"start":{"line":13,"column":12},"end":{"line":13,"column":13}},"loc":{"start":{"line":13,"column":18},"end":{"line":33,"column":3}},"line":13},"2":{"name":"(anonymous_2)","decl":{"start":{"line":15,"column":22},"end":{"line":15,"column":23}},"loc":{"start":{"line":15,"column":28},"end":{"line":15,"column":30}},"line":15},"3":{"name":"(anonymous_3)","decl":{"start":{"line":18,"column":36},"end":{"line":18,"column":37}},"loc":{"start":{"line":18,"column":42},"end":{"line":24,"column":5}},"line":18},"4":{"name":"(anonymous_4)","decl":{"start":{"line":27,"column":50},"end":{"line":27,"column":51}},"loc":{"start":{"line":27,"column":56},"end":{"line":27,"column":58}},"line":27},"5":{"name":"(anonymous_5)","decl":{"start":{"line":29,"column":11},"end":{"line":29,"column":12}},"loc":{"start":{"line":29,"column":17},"end":{"line":32,"column":5}},"line":29},"6":{"name":"(anonymous_6)","decl":{"start":{"line":31,"column":55},"end":{"line":31,"column":56}},"loc":{"start":{"line":31,"column":61},"end":{"line":31,"column":63}},"line":31},"7":{"name":"(anonymous_7)","decl":{"start":{"line":35,"column":12},"end":{"line":35,"column":13}},"loc":{"start":{"line":35,"column":18},"end":{"line":47,"column":3}},"line":35},"8":{"name":"(anonymous_8)","decl":{"start":{"line":36,"column":24},"end":{"line":36,"column":25}},"loc":{"start":{"line":36,"column":35},"end":{"line":40,"column":5}},"line":36},"9":{"name":"(anonymous_9)","decl":{"start":{"line":44,"column":11},"end":{"line":44,"column":12}},"loc":{"start":{"line":44,"column":17},"end":{"line":46,"column":5}},"line":44},"10":{"name":"(anonymous_10)","decl":{"start":{"line":50,"column":12},"end":{"line":50,"column":13}},"loc":{"start":{"line":50,"column":18},"end":{"line":57,"column":3}},"line":50},"11":{"name":"(anonymous_11)","decl":{"start":{"line":60,"column":12},"end":{"line":60,"column":13}},"loc":{"start":{"line":60,"column":18},"end":{"line":62,"column":3}},"line":60}},"branchMap":{"0":{"loc":{"start":{"line":19,"column":6},"end":{"line":23,"column":7}},"type":"if","locations":[{"start":{"line":19,"column":6},"end":{"line":23,"column":7}},{"start":{"line":21,"column":13},"end":{"line":23,"column":7}}],"line":19},"1":{"loc":{"start":{"line":37,"column":6},"end":{"line":39,"column":7}},"type":"if","locations":[{"start":{"line":37,"column":6},"end":{"line":39,"column":7}},{"start":{},"end":{}}],"line":37},"2":{"loc":{"start":{"line":37,"column":10},"end":{"line":37,"column":61}},"type":"binary-expr","locations":[{"start":{"line":37,"column":10},"end":{"line":37,"column":27}},{"start":{"line":37,"column":31},"end":{"line":37,"column":61}}],"line":37},"3":{"loc":{"start":{"line":51,"column":4},"end":{"line":56,"column":5}},"type":"if","locations":[{"start":{"line":51,"column":4},"end":{"line":56,"column":5}},{"start":{"line":54,"column":8},"end":{"line":56,"column":5}}],"line":51}},"s":{"0":0,"1":0,"2":0,"3":0,"4":0,"5":0,"6":0,"7":0,"8":0,"9":0,"10":0,"11":0,"12":0,"13":0,"14":0,"15":0,"16":0,"17":0,"18":0,"19":0,"20":0,"21":0,"22":0,"23":0,"24":0,"25":0,"26":0,"27":0,"28":0},"f":{"0":0,"1":0,"2":0,"3":0,"4":0,"5":0,"6":0,"7":0,"8":0,"9":0,"10":0,"11":0},"b":{"0":[0,0],"1":[0,0],"2":[0,0],"3":[0,0]}}
,"C:\\Users\\Francesco\\Desktop\\ShowRoom3D\\prova-react\\src\\features\\products\\Models.jsx": {"path":"C:\\Users\\Francesco\\Desktop\\ShowRoom3D\\prova-react\\src\\features\\products\\Models.jsx","statementMap":{"0":{"start":{"line":5,"column":15},"end":{"line":32,"column":1}},"1":{"start":{"line":6,"column":19},"end":{"line":6,"column":65}},"2":{"start":{"line":6,"column":42},"end":{"line":6,"column":64}},"3":{"start":{"line":7,"column":26},"end":{"line":7,"column":36}},"4":{"start":{"line":9,"column":30},"end":{"line":14,"column":3}},"5":{"start":{"line":10,"column":4},"end":{"line":10,"column":72}},"6":{"start":{"line":11,"column":4},"end":{"line":13,"column":5}},"7":{"start":{"line":12,"column":6},"end":{"line":12,"column":42}},"8":{"start":{"line":16,"column":2},"end":{"line":31,"column":4}},"9":{"start":{"line":19,"column":25},"end":{"line":19,"column":85}},"10":{"start":{"line":21,"column":8},"end":{"line":28,"column":10}}},"fnMap":{"0":{"name":"(anonymous_0)","decl":{"start":{"line":5,"column":15},"end":{"line":5,"column":16}},"loc":{"start":{"line":5,"column":43},"end":{"line":32,"column":1}},"line":5},"1":{"name":"(anonymous_1)","decl":{"start":{"line":6,"column":31},"end":{"line":6,"column":32}},"loc":{"start":{"line":6,"column":42},"end":{"line":6,"column":64}},"line":6},"2":{"name":"(anonymous_2)","decl":{"start":{"line":9,"column":30},"end":{"line":9,"column":31}},"loc":{"start":{"line":9,"column":47},"end":{"line":14,"column":3}},"line":9},"3":{"name":"(anonymous_3)","decl":{"start":{"line":18,"column":20},"end":{"line":18,"column":21}},"loc":{"start":{"line":18,"column":33},"end":{"line":29,"column":7}},"line":18}},"branchMap":{"0":{"loc":{"start":{"line":11,"column":4},"end":{"line":13,"column":5}},"type":"if","locations":[{"start":{"line":11,"column":4},"end":{"line":13,"column":5}},{"start":{},"end":{}}],"line":11}},"s":{"0":0,"1":0,"2":0,"3":0,"4":0,"5":0,"6":0,"7":0,"8":0,"9":0,"10":0},"f":{"0":0,"1":0,"2":0,"3":0},"b":{"0":[0,0]}}
,"C:\\Users\\Francesco\\Desktop\\ShowRoom3D\\prova-react\\src\\features\\products\\productSlice.js": {"path":"C:\\Users\\Francesco\\Desktop\\ShowRoom3D\\prova-react\\src\\features\\products\\productSlice.js","statementMap":{"0":{"start":{"line":4,"column":21},"end":{"line":6,"column":1}},"1":{"start":{"line":8,"column":21},"end":{"line":20,"column":2}},"2":{"start":{"line":13,"column":39},"end":{"line":13,"column":53}},"3":{"start":{"line":14,"column":22},"end":{"line":14,"column":80}},"4":{"start":{"line":14,"column":55},"end":{"line":14,"column":79}},"5":{"start":{"line":15,"column":6},"end":{"line":17,"column":7}},"6":{"start":{"line":16,"column":8},"end":{"line":16,"column":42}},"7":{"start":{"line":22,"column":37},"end":{"line":23,"column":75}},"8":{"start":{"line":22,"column":52},"end":{"line":23,"column":75}},"9":{"start":{"line":23,"column":2},"end":{"line":23,"column":75}},"10":{"start":{"line":23,"column":35},"end":{"line":23,"column":59}},"11":{"start":{"line":25,"column":35},"end":{"line":26,"column":68}},"12":{"start":{"line":25,"column":50},"end":{"line":26,"column":68}},"13":{"start":{"line":26,"column":2},"end":{"line":26,"column":68}},"14":{"start":{"line":26,"column":43},"end":{"line":26,"column":67}},"15":{"start":{"line":28,"column":36},"end":{"line":28,"column":56}}},"fnMap":{"0":{"name":"(anonymous_0)","decl":{"start":{"line":12,"column":4},"end":{"line":12,"column":5}},"loc":{"start":{"line":12,"column":36},"end":{"line":18,"column":5}},"line":12},"1":{"name":"(anonymous_1)","decl":{"start":{"line":14,"column":42},"end":{"line":14,"column":43}},"loc":{"start":{"line":14,"column":55},"end":{"line":14,"column":79}},"line":14},"2":{"name":"(anonymous_2)","decl":{"start":{"line":22,"column":37},"end":{"line":22,"column":38}},"loc":{"start":{"line":22,"column":52},"end":{"line":23,"column":75}},"line":22},"3":{"name":"(anonymous_3)","decl":{"start":{"line":22,"column":52},"end":{"line":22,"column":53}},"loc":{"start":{"line":23,"column":2},"end":{"line":23,"column":75}},"line":23},"4":{"name":"(anonymous_4)","decl":{"start":{"line":23,"column":22},"end":{"line":23,"column":23}},"loc":{"start":{"line":23,"column":35},"end":{"line":23,"column":59}},"line":23},"5":{"name":"(anonymous_5)","decl":{"start":{"line":25,"column":35},"end":{"line":25,"column":36}},"loc":{"start":{"line":25,"column":50},"end":{"line":26,"column":68}},"line":25},"6":{"name":"(anonymous_6)","decl":{"start":{"line":25,"column":50},"end":{"line":25,"column":51}},"loc":{"start":{"line":26,"column":2},"end":{"line":26,"column":68}},"line":26},"7":{"name":"(anonymous_7)","decl":{"start":{"line":26,"column":30},"end":{"line":26,"column":31}},"loc":{"start":{"line":26,"column":43},"end":{"line":26,"column":67}},"line":26}},"branchMap":{"0":{"loc":{"start":{"line":15,"column":6},"end":{"line":17,"column":7}},"type":"if","locations":[{"start":{"line":15,"column":6},"end":{"line":17,"column":7}},{"start":{},"end":{}}],"line":15}},"s":{"0":1,"1":1,"2":0,"3":0,"4":0,"5":0,"6":0,"7":1,"8":0,"9":0,"10":0,"11":1,"12":0,"13":0,"14":0,"15":1},"f":{"0":0,"1":0,"2":0,"3":0,"4":0,"5":0,"6":0,"7":0},"b":{"0":[0,0]},"_coverageSchema":"1a1c01bbd47fc00a2c39e90264f33305004495a9","hash":"b5794553ada88b0dfce16b36e6907984c69ec3a1"}
,"C:\\Users\\Francesco\\Desktop\\ShowRoom3D\\prova-react\\src\\features\\products\\model\\Model.jsx": {"path":"C:\\Users\\Francesco\\Desktop\\ShowRoom3D\\prova-react\\src\\features\\products\\model\\Model.jsx","statementMap":{"0":{"start":{"line":7,"column":14},"end":{"line":72,"column":1}},"1":{"start":{"line":8,"column":16},"end":{"line":8,"column":33}},"2":{"start":{"line":9,"column":2},"end":{"line":9,"column":41}},"3":{"start":{"line":10,"column":2},"end":{"line":10,"column":69}},"4":{"start":{"line":12,"column":14},"end":{"line":12,"column":39}},"5":{"start":{"line":13,"column":22},"end":{"line":13,"column":39}},"6":{"start":{"line":14,"column":19},"end":{"line":14,"column":27}},"7":{"start":{"line":15,"column":24},"end":{"line":15,"column":84}},"8":{"start":{"line":17,"column":28},"end":{"line":17,"column":49}},"9":{"start":{"line":18,"column":24},"end":{"line":18,"column":100}},"10":{"start":{"line":18,"column":60},"end":{"line":18,"column":99}},"11":{"start":{"line":19,"column":16},"end":{"line":19,"column":40}},"12":{"start":{"line":21,"column":2},"end":{"line":26,"column":9}},"13":{"start":{"line":22,"column":4},"end":{"line":25,"column":5}},"14":{"start":{"line":23,"column":6},"end":{"line":23,"column":46}},"15":{"start":{"line":24,"column":6},"end":{"line":24,"column":35}},"16":{"start":{"line":29,"column":2},"end":{"line":39,"column":5}},"17":{"start":{"line":30,"column":4},"end":{"line":38,"column":5}},"18":{"start":{"line":31,"column":27},"end":{"line":31,"column":46}},"19":{"start":{"line":32,"column":6},"end":{"line":37,"column":7}},"20":{"start":{"line":33,"column":8},"end":{"line":33,"column":48}},"21":{"start":{"line":34,"column":8},"end":{"line":36,"column":9}},"22":{"start":{"line":35,"column":10},"end":{"line":35,"column":42}},"23":{"start":{"line":41,"column":2},"end":{"line":49,"column":32}},"24":{"start":{"line":42,"column":4},"end":{"line":48,"column":7}},"25":{"start":{"line":43,"column":6},"end":{"line":47,"column":7}},"26":{"start":{"line":44,"column":8},"end":{"line":44,"column":37}},"27":{"start":{"line":45,"column":8},"end":{"line":45,"column":32}},"28":{"start":{"line":46,"column":8},"end":{"line":46,"column":35}},"29":{"start":{"line":51,"column":2},"end":{"line":59,"column":24}},"30":{"start":{"line":52,"column":4},"end":{"line":58,"column":5}},"31":{"start":{"line":53,"column":6},"end":{"line":57,"column":9}},"32":{"start":{"line":54,"column":8},"end":{"line":56,"column":9}},"33":{"start":{"line":55,"column":10},"end":{"line":55,"column":42}},"34":{"start":{"line":61,"column":2},"end":{"line":71,"column":4}}},"fnMap":{"0":{"name":"(anonymous_0)","decl":{"start":{"line":7,"column":14},"end":{"line":7,"column":15}},"loc":{"start":{"line":7,"column":43},"end":{"line":72,"column":1}},"line":7},"1":{"name":"(anonymous_1)","decl":{"start":{"line":18,"column":47},"end":{"line":18,"column":48}},"loc":{"start":{"line":18,"column":60},"end":{"line":18,"column":99}},"line":18},"2":{"name":"(anonymous_2)","decl":{"start":{"line":21,"column":12},"end":{"line":21,"column":13}},"loc":{"start":{"line":21,"column":18},"end":{"line":26,"column":3}},"line":21},"3":{"name":"(anonymous_3)","decl":{"start":{"line":29,"column":23},"end":{"line":29,"column":24}},"loc":{"start":{"line":29,"column":34},"end":{"line":39,"column":3}},"line":29},"4":{"name":"(anonymous_4)","decl":{"start":{"line":41,"column":12},"end":{"line":41,"column":13}},"loc":{"start":{"line":41,"column":18},"end":{"line":49,"column":3}},"line":41},"5":{"name":"(anonymous_5)","decl":{"start":{"line":42,"column":25},"end":{"line":42,"column":26}},"loc":{"start":{"line":42,"column":36},"end":{"line":48,"column":5}},"line":42},"6":{"name":"(anonymous_6)","decl":{"start":{"line":51,"column":12},"end":{"line":51,"column":13}},"loc":{"start":{"line":51,"column":18},"end":{"line":59,"column":3}},"line":51},"7":{"name":"(anonymous_7)","decl":{"start":{"line":53,"column":32},"end":{"line":53,"column":33}},"loc":{"start":{"line":53,"column":43},"end":{"line":57,"column":7}},"line":53}},"branchMap":{"0":{"loc":{"start":{"line":22,"column":4},"end":{"line":25,"column":5}},"type":"if","locations":[{"start":{"line":22,"column":4},"end":{"line":25,"column":5}},{"start":{},"end":{}}],"line":22},"1":{"loc":{"start":{"line":30,"column":4},"end":{"line":38,"column":5}},"type":"if","locations":[{"start":{"line":30,"column":4},"end":{"line":38,"column":5}},{"start":{},"end":{}}],"line":30},"2":{"loc":{"start":{"line":32,"column":6},"end":{"line":37,"column":7}},"type":"if","locations":[{"start":{"line":32,"column":6},"end":{"line":37,"column":7}},{"start":{},"end":{}}],"line":32},"3":{"loc":{"start":{"line":34,"column":8},"end":{"line":36,"column":9}},"type":"if","locations":[{"start":{"line":34,"column":8},"end":{"line":36,"column":9}},{"start":{},"end":{}}],"line":34},"4":{"loc":{"start":{"line":43,"column":6},"end":{"line":47,"column":7}},"type":"if","locations":[{"start":{"line":43,"column":6},"end":{"line":47,"column":7}},{"start":{},"end":{}}],"line":43},"5":{"loc":{"start":{"line":52,"column":4},"end":{"line":58,"column":5}},"type":"if","locations":[{"start":{"line":52,"column":4},"end":{"line":58,"column":5}},{"start":{},"end":{}}],"line":52},"6":{"loc":{"start":{"line":54,"column":8},"end":{"line":56,"column":9}},"type":"if","locations":[{"start":{"line":54,"column":8},"end":{"line":56,"column":9}},{"start":{},"end":{}}],"line":54}},"s":{"0":0,"1":0,"2":0,"3":0,"4":0,"5":0,"6":0,"7":0,"8":0,"9":0,"10":0,"11":0,"12":0,"13":0,"14":0,"15":0,"16":0,"17":0,"18":0,"19":0,"20":0,"21":0,"22":0,"23":0,"24":0,"25":0,"26":0,"27":0,"28":0,"29":0,"30":0,"31":0,"32":0,"33":0,"34":0},"f":{"0":0,"1":0,"2":0,"3":0,"4":0,"5":0,"6":0,"7":0},"b":{"0":[0,0],"1":[0,0],"2":[0,0],"3":[0,0],"4":[0,0],"5":[0,0],"6":[0,0]}}
,"C:\\Users\\Francesco\\Desktop\\ShowRoom3D\\prova-react\\src\\features\\raycaster\\Raycaster.jsx": {"path":"C:\\Users\\Francesco\\Desktop\\ShowRoom3D\\prova-react\\src\\features\\raycaster\\Raycaster.jsx","statementMap":{"0":{"start":{"line":8,"column":18},"end":{"line":55,"column":1}},"1":{"start":{"line":9,"column":39},"end":{"line":9,"column":49}},"2":{"start":{"line":12,"column":38},"end":{"line":12,"column":50}},"3":{"start":{"line":14,"column":38},"end":{"line":14,"column":75}},"4":{"start":{"line":15,"column":31},"end":{"line":15,"column":57}},"5":{"start":{"line":17,"column":2},"end":{"line":36,"column":42}},"6":{"start":{"line":18,"column":28},"end":{"line":29,"column":5}},"7":{"start":{"line":20,"column":21},"end":{"line":20,"column":64}},"8":{"start":{"line":21,"column":21},"end":{"line":21,"column":66}},"9":{"start":{"line":24,"column":6},"end":{"line":24,"column":73}},"10":{"start":{"line":27,"column":28},"end":{"line":27,"column":70}},"11":{"start":{"line":28,"column":6},"end":{"line":28,"column":35}},"12":{"start":{"line":31,"column":4},"end":{"line":31,"column":58}},"13":{"start":{"line":33,"column":4},"end":{"line":35,"column":6}},"14":{"start":{"line":34,"column":6},"end":{"line":34,"column":63}},"15":{"start":{"line":39,"column":2},"end":{"line":52,"column":5}},"16":{"start":{"line":40,"column":4},"end":{"line":51,"column":5}},"17":{"start":{"line":41,"column":6},"end":{"line":50,"column":7}},"18":{"start":{"line":42,"column":34},"end":{"line":42,"column":54}},"19":{"start":{"line":43,"column":37},"end":{"line":43,"column":64}},"20":{"start":{"line":45,"column":8},"end":{"line":47,"column":9}},"21":{"start":{"line":46,"column":10},"end":{"line":46,"column":56}},"22":{"start":{"line":49,"column":8},"end":{"line":49,"column":38}},"23":{"start":{"line":54,"column":2},"end":{"line":54,"column":14}}},"fnMap":{"0":{"name":"(anonymous_0)","decl":{"start":{"line":8,"column":18},"end":{"line":8,"column":19}},"loc":{"start":{"line":8,"column":42},"end":{"line":55,"column":1}},"line":8},"1":{"name":"(anonymous_1)","decl":{"start":{"line":17,"column":12},"end":{"line":17,"column":13}},"loc":{"start":{"line":17,"column":18},"end":{"line":36,"column":3}},"line":17},"2":{"name":"(anonymous_2)","decl":{"start":{"line":18,"column":28},"end":{"line":18,"column":29}},"loc":{"start":{"line":18,"column":39},"end":{"line":29,"column":5}},"line":18},"3":{"name":"(anonymous_3)","decl":{"start":{"line":33,"column":11},"end":{"line":33,"column":12}},"loc":{"start":{"line":33,"column":17},"end":{"line":35,"column":5}},"line":33},"4":{"name":"(anonymous_4)","decl":{"start":{"line":39,"column":11},"end":{"line":39,"column":12}},"loc":{"start":{"line":39,"column":17},"end":{"line":52,"column":3}},"line":39}},"branchMap":{"0":{"loc":{"start":{"line":40,"column":4},"end":{"line":51,"column":5}},"type":"if","locations":[{"start":{"line":40,"column":4},"end":{"line":51,"column":5}},{"start":{},"end":{}}],"line":40},"1":{"loc":{"start":{"line":41,"column":6},"end":{"line":50,"column":7}},"type":"if","locations":[{"start":{"line":41,"column":6},"end":{"line":50,"column":7}},{"start":{"line":48,"column":13},"end":{"line":50,"column":7}}],"line":41},"2":{"loc":{"start":{"line":45,"column":8},"end":{"line":47,"column":9}},"type":"if","locations":[{"start":{"line":45,"column":8},"end":{"line":47,"column":9}},{"start":{},"end":{}}],"line":45}},"s":{"0":0,"1":0,"2":0,"3":0,"4":0,"5":0,"6":0,"7":0,"8":0,"9":0,"10":0,"11":0,"12":0,"13":0,"14":0,"15":0,"16":0,"17":0,"18":0,"19":0,"20":0,"21":0,"22":0,"23":0},"f":{"0":0,"1":0,"2":0,"3":0,"4":0},"b":{"0":[0,0],"1":[0,0],"2":[0,0]}}
,"C:\\Users\\Francesco\\Desktop\\ShowRoom3D\\prova-react\\src\\features\\scene\\Scene.jsx": {"path":"C:\\Users\\Francesco\\Desktop\\ShowRoom3D\\prova-react\\src\\features\\scene\\Scene.jsx","statementMap":{"0":{"start":{"line":8,"column":14},"end":{"line":27,"column":1}},"1":{"start":{"line":10,"column":2},"end":{"line":26,"column":4}}},"fnMap":{"0":{"name":"(anonymous_0)","decl":{"start":{"line":8,"column":14},"end":{"line":8,"column":15}},"loc":{"start":{"line":8,"column":20},"end":{"line":27,"column":1}},"line":8}},"branchMap":{},"s":{"0":0,"1":0},"f":{"0":0},"b":{}}
}
