TN:
SF:src\main.jsx
FNF:0
FNH:0
DA:9,0
LF:1
LH:0
BRF:0
BRH:0
end_of_record
TN:
SF:src\app\App.jsx
FN:8,App
FNF:1
FNH:0
FNDA:0,App
DA:9,0
DA:10,0
DA:12,0
LF:3
LH:0
BRF:0
BRH:0
end_of_record
TN:
SF:src\app\Store.js
FNF:0
FNH:0
DA:4,1
LF:1
LH:1
BRF:0
BRH:0
end_of_record
TN:
SF:src\app\rootReducer.js
FNF:0
FNH:0
DA:7,1
LF:1
LH:1
BRF:0
BRH:0
end_of_record
TN:
SF:src\common\ControlsContext.js
FN:4,(anonymous_0)
FN:5,(anonymous_1)
FNF:2
FNH:0
FNDA:0,(anonymous_0)
FNDA:0,(anonymous_1)
DA:3,0
LF:1
LH:0
BRF:0
BRH:0
end_of_record
TN:
SF:src\common\ProductInteractionContext.js
FN:5,(anonymous_0)
FNF:1
FNH:0
FNDA:0,(anonymous_0)
DA:3,0
LF:1
LH:0
BRF:0
BRH:0
end_of_record
TN:
SF:src\common\SidebarContext.js
FN:3,(anonymous_0)
FNF:1
FNH:0
FNDA:0,(anonymous_0)
DA:3,0
LF:1
LH:0
BRF:0
BRH:0
end_of_record
TN:
SF:src\common\debounce.js
FN:1,(anonymous_0)
FN:3,(anonymous_1)
FN:6,(anonymous_2)
FNF:3
FNH:0
FNDA:0,(anonymous_0)
FNDA:0,(anonymous_1)
FNDA:0,(anonymous_2)
DA:1,0
DA:3,0
DA:4,0
DA:5,0
DA:6,0
LF:5
LH:0
BRF:0
BRH:0
end_of_record
TN:
SF:src\common\useKeyboard.jsx
FN:3,useKeyboard
FN:6,(anonymous_1)
FN:7,(anonymous_2)
FN:12,(anonymous_3)
FNF:4
FNH:0
FNDA:0,useKeyboard
FNDA:0,(anonymous_1)
FNDA:0,(anonymous_2)
FNDA:0,(anonymous_3)
DA:4,0
DA:6,0
DA:7,0
DA:8,0
DA:10,0
DA:11,0
DA:12,0
DA:13,0
DA:14,0
DA:18,0
LF:10
LH:0
BRF:0
BRH:0
end_of_record
TN:
SF:src\common\useOctree.jsx
FN:4,useOctree
FN:6,(anonymous_1)
FNF:2
FNH:0
FNDA:0,useOctree
FNDA:0,(anonymous_1)
DA:6,0
DA:7,0
DA:8,0
DA:11,0
LF:4
LH:0
BRF:0
BRH:0
end_of_record
TN:
SF:src\common\useOctreeHelper.jsx
FN:6,useOctreeHelper
FN:9,(anonymous_1)
FN:14,(anonymous_2)
FN:23,(anonymous_3)
FNF:4
FNH:0
FNDA:0,useOctreeHelper
FNDA:0,(anonymous_1)
FNDA:0,(anonymous_2)
FNDA:0,(anonymous_3)
DA:8,0
DA:9,0
DA:10,0
DA:11,0
DA:12,0
DA:13,0
DA:14,0
DA:15,0
DA:16,0
DA:20,0
DA:24,0
DA:25,0
LF:12
LH:0
BRDA:25,0,0,0
BRDA:25,0,1,0
BRF:2
BRH:0
end_of_record
TN:
SF:src\common\useThrottledDispatch.jsx
FN:3,useThrottledDispatch
FN:7,(anonymous_1)
FN:11,(anonymous_2)
FN:12,(anonymous_3)
FN:21,(anonymous_4)
FNF:5
FNH:0
FNDA:0,useThrottledDispatch
FNDA:0,(anonymous_1)
FNDA:0,(anonymous_2)
FNDA:0,(anonymous_3)
FNDA:0,(anonymous_4)
DA:4,0
DA:5,0
DA:7,0
DA:8,0
DA:11,0
DA:12,0
DA:13,0
DA:14,0
DA:17,0
DA:18,0
DA:21,0
DA:22,0
LF:12
LH:0
BRDA:17,0,0,0
BRDA:17,0,1,0
BRF:2
BRH:0
end_of_record
TN:
SF:src\features\UI\UI.jsx
FN:9,(anonymous_0)
FNF:1
FNH:0
FNDA:0,(anonymous_0)
DA:9,0
DA:10,0
DA:12,0
LF:3
LH:0
BRDA:18,0,0,0
BRDA:18,0,1,0
BRF:2
BRH:0
end_of_record
TN:
SF:src\features\UI\Product_UI\ProductInteractionPrompt.jsx
FN:4,(anonymous_0)
FNF:1
FNH:0
FNDA:0,(anonymous_0)
DA:4,0
DA:6,0
LF:2
LH:0
BRF:0
BRH:0
end_of_record
TN:
SF:src\features\UI\Product_UI\ProductSidebar.jsx
FN:8,(anonymous_0)
FN:19,(anonymous_1)
FN:20,(anonymous_2)
FN:37,(anonymous_3)
FN:47,(anonymous_4)
FN:57,(anonymous_5)
FN:82,(anonymous_6)
FNF:7
FNH:0
FNDA:0,(anonymous_0)
FNDA:0,(anonymous_1)
FNDA:0,(anonymous_2)
FNDA:0,(anonymous_3)
FNDA:0,(anonymous_4)
FNDA:0,(anonymous_5)
FNDA:0,(anonymous_6)
DA:8,0
DA:10,0
DA:11,0
DA:15,0
DA:17,0
DA:19,0
DA:20,0
DA:22,0
DA:23,0
DA:25,0
DA:38,0
DA:48,0
DA:49,0
DA:50,0
DA:51,0
DA:53,0
DA:54,0
DA:82,0
LF:18
LH:0
BRDA:10,0,0,0
BRDA:10,0,1,0
BRDA:15,1,0,0
BRDA:15,1,1,0
BRDA:48,2,0,0
BRDA:48,2,1,0
BRDA:48,3,0,0
BRDA:48,3,1,0
BRF:8
BRH:0
end_of_record
TN:
SF:src\features\UI\Product_UI\ProductUI.jsx
FN:10,(anonymous_0)
FN:17,(anonymous_1)
FN:19,(anonymous_2)
FN:23,(anonymous_3)
FN:25,(anonymous_4)
FN:30,(anonymous_5)
FN:41,(anonymous_6)
FN:43,(anonymous_7)
FNF:8
FNH:0
FNDA:0,(anonymous_0)
FNDA:0,(anonymous_1)
FNDA:0,(anonymous_2)
FNDA:0,(anonymous_3)
FNDA:0,(anonymous_4)
FNDA:0,(anonymous_5)
FNDA:0,(anonymous_6)
FNDA:0,(anonymous_7)
DA:10,0
DA:11,0
DA:13,0
DA:14,0
DA:15,0
DA:17,0
DA:19,0
DA:20,0
DA:23,0
DA:24,0
DA:25,0
DA:26,0
DA:30,0
DA:31,0
DA:32,0
DA:33,0
DA:34,0
DA:35,0
DA:41,0
DA:42,0
DA:43,0
DA:44,0
DA:49,0
LF:23
LH:0
BRDA:24,0,0,0
BRDA:24,0,1,0
BRDA:31,1,0,0
BRDA:31,1,1,0
BRDA:32,2,0,0
BRDA:32,2,1,0
BRDA:32,3,0,0
BRDA:32,3,1,0
BRDA:32,3,2,0
BRDA:34,4,0,0
BRDA:34,4,1,0
BRDA:51,5,0,0
BRDA:51,5,1,0
BRDA:51,5,2,0
BRF:14
BRH:0
end_of_record
TN:
SF:src\features\UI\UI_elements\Crosshair.jsx
FN:6,(anonymous_0)
FNF:1
FNH:0
FNDA:0,(anonymous_0)
DA:6,0
DA:7,0
DA:8,0
DA:10,0
LF:4
LH:0
BRDA:8,0,0,0
BRDA:8,0,1,0
BRF:2
BRH:0
end_of_record
TN:
SF:src\features\UI\UI_elements\PlayerPosition.jsx
FN:5,(anonymous_0)
FN:6,(anonymous_1)
FNF:2
FNH:0
FNDA:0,(anonymous_0)
FNDA:0,(anonymous_1)
DA:5,0
DA:6,0
DA:8,0
LF:3
LH:0
BRF:0
BRH:0
end_of_record
TN:
SF:src\features\cart\Cart.jsx
FN:8,(anonymous_0)
FN:14,(anonymous_1)
FN:26,(anonymous_2)
FN:34,(anonymous_3)
FNF:4
FNH:2
FNDA:4,(anonymous_0)
FNDA:0,(anonymous_1)
FNDA:1,(anonymous_2)
FNDA:0,(anonymous_3)
DA:8,1
DA:9,4
DA:10,3
DA:11,3
DA:13,3
DA:14,3
DA:15,0
DA:16,0
DA:17,0
DA:18,0
DA:22,3
DA:27,1
DA:34,0
LF:13
LH:8
BRDA:15,0,0,0
BRDA:15,0,1,0
BRDA:17,1,0,0
BRDA:17,1,1,0
BRF:4
BRH:0
end_of_record
TN:
SF:src\features\cart\CartItem.jsx
FN:5,(anonymous_0)
FN:15,(anonymous_1)
FNF:2
FNH:1
FNDA:2,(anonymous_0)
FNDA:0,(anonymous_1)
DA:5,1
DA:6,2
DA:7,1
DA:15,0
LF:4
LH:3
BRF:0
BRH:0
end_of_record
TN:
SF:src\features\cart\cartSlice.js
FN:12,(anonymous_0)
FN:13,(anonymous_1)
FN:30,(anonymous_2)
FN:31,(anonymous_3)
FN:40,(anonymous_4)
FN:47,(anonymous_5)
FN:48,(anonymous_6)
FNF:7
FNH:7
FNDA:5,(anonymous_0)
FNDA:4,(anonymous_1)
FNDA:2,(anonymous_2)
FNDA:4,(anonymous_3)
FNDA:2,(anonymous_4)
FNDA:3,(anonymous_5)
FNDA:3,(anonymous_6)
DA:3,1
DA:8,1
DA:13,5
DA:14,5
DA:15,4
DA:23,1
DA:24,1
DA:26,5
DA:31,4
DA:32,2
DA:33,2
DA:34,1
DA:36,1
DA:37,1
DA:41,2
DA:42,2
DA:46,1
DA:47,3
DA:48,3
LF:19
LH:19
BRDA:13,0,0,4
BRDA:13,0,1,1
BRDA:14,1,0,4
BRDA:14,1,1,1
BRDA:31,2,0,4
BRDA:31,2,1,2
BRDA:33,3,0,1
BRDA:33,3,1,1
BRF:8
BRH:8
end_of_record
TN:
SF:src\features\decorations\Decoration.jsx
FN:5,(anonymous_0)
FN:15,(anonymous_1)
FN:16,(anonymous_2)
FNF:3
FNH:0
FNDA:0,(anonymous_0)
FNDA:0,(anonymous_1)
FNDA:0,(anonymous_2)
DA:5,0
DA:6,0
DA:7,0
DA:8,0
DA:10,0
DA:11,0
DA:13,0
DA:15,0
DA:16,0
DA:17,0
DA:18,0
DA:19,0
DA:24,0
LF:13
LH:0
BRDA:17,0,0,0
BRDA:17,0,1,0
BRF:2
BRH:0
end_of_record
TN:
SF:src\features\decorations\Decorations.jsx
FN:5,(anonymous_0)
FN:6,(anonymous_1)
FN:10,(anonymous_2)
FNF:3
FNH:0
FNDA:0,(anonymous_0)
FNDA:0,(anonymous_1)
FNDA:0,(anonymous_2)
DA:5,0
DA:6,0
DA:8,0
DA:11,0
DA:13,0
LF:5
LH:0
BRF:0
BRH:0
end_of_record
TN:
SF:src\features\decorations\decorationSlice.js
FNF:0
FNH:0
DA:4,1
DA:8,1
LF:2
LH:2
BRF:0
BRH:0
end_of_record
TN:
SF:src\features\lights\Lights.jsx
FN:1,(anonymous_0)
FNF:1
FNH:0
FNDA:0,(anonymous_0)
DA:1,0
DA:2,0
LF:2
LH:0
BRF:0
BRH:0
end_of_record
TN:
SF:src\features\map\Map.jsx
FN:11,Map
FN:15,(anonymous_1)
FN:21,(anonymous_2)
FNF:3
FNH:0
FNDA:0,Map
FNDA:0,(anonymous_1)
FNDA:0,(anonymous_2)
DA:13,0
DA:15,0
DA:16,0
DA:19,0
DA:21,0
DA:22,0
DA:26,0
DA:27,0
DA:28,0
DA:30,0
DA:32,0
LF:11
LH:0
BRF:0
BRH:0
end_of_record
TN:
SF:src\features\player\Player.jsx
FN:15,Player
FN:16,(anonymous_1)
FN:22,(anonymous_2)
FN:23,(anonymous_3)
FN:25,(anonymous_4)
FN:35,(anonymous_5)
FN:39,(anonymous_6)
FN:41,(anonymous_7)
FN:49,getForwardVector
FN:56,getSideVector
FN:64,controls
FN:77,updatePlayer
FN:101,playerCollisions
FN:117,teleportPlayerIfOob
FN:135,(anonymous_14)
FNF:15
FNH:0
FNDA:0,Player
FNDA:0,(anonymous_1)
FNDA:0,(anonymous_2)
FNDA:0,(anonymous_3)
FNDA:0,(anonymous_4)
FNDA:0,(anonymous_5)
FNDA:0,(anonymous_6)
FNDA:0,(anonymous_7)
FNDA:0,getForwardVector
FNDA:0,getSideVector
FNDA:0,controls
FNDA:0,updatePlayer
FNDA:0,playerCollisions
FNDA:0,teleportPlayerIfOob
FNDA:0,(anonymous_14)
DA:12,0
DA:13,0
DA:16,0
DA:18,0
DA:19,0
DA:21,0
DA:22,0
DA:23,0
DA:24,0
DA:25,0
DA:33,0
DA:35,0
DA:39,0
DA:40,0
DA:41,0
DA:42,0
DA:47,0
DA:50,0
DA:51,0
DA:52,0
DA:53,0
DA:57,0
DA:58,0
DA:59,0
DA:60,0
DA:61,0
DA:65,0
DA:66,0
DA:67,0
DA:68,0
DA:69,0
DA:70,0
DA:71,0
DA:72,0
DA:78,0
DA:79,0
DA:80,0
DA:81,0
DA:83,0
DA:84,0
DA:85,0
DA:86,0
DA:87,0
DA:89,0
DA:90,0
DA:92,0
DA:93,0
DA:94,0
DA:97,0
DA:102,0
DA:104,0
DA:105,0
DA:106,0
DA:107,0
DA:108,0
DA:109,0
DA:111,0
DA:113,0
DA:118,0
DA:119,0
DA:120,0
DA:121,0
DA:122,0
DA:123,0
DA:125,0
DA:126,0
DA:128,0
DA:129,0
DA:130,0
DA:135,0
DA:136,0
DA:137,0
DA:138,0
DA:139,0
DA:141,0
LF:75
LH:0
BRDA:65,0,0,0
BRDA:65,0,1,0
BRDA:66,1,0,0
BRDA:66,1,1,0
BRDA:67,2,0,0
BRDA:67,2,1,0
BRDA:68,3,0,0
BRDA:68,3,1,0
BRDA:69,4,0,0
BRDA:69,4,1,0
BRDA:70,5,0,0
BRDA:70,5,1,0
BRDA:71,6,0,0
BRDA:71,6,1,0
BRDA:79,7,0,0
BRDA:79,7,1,0
BRDA:92,8,0,0
BRDA:92,8,1,0
BRDA:102,9,0,0
BRDA:102,9,1,0
BRDA:106,10,0,0
BRDA:106,10,1,0
BRDA:108,11,0,0
BRDA:108,11,1,0
BRDA:118,12,0,0
BRDA:118,12,1,0
BRDA:128,13,0,0
BRDA:128,13,1,0
BRF:28
BRH:0
end_of_record
TN:
SF:src\features\player\playerSlice.js
FN:13,(anonymous_0)
FN:16,(anonymous_1)
FNF:2
FNH:0
FNDA:0,(anonymous_0)
FNDA:0,(anonymous_1)
DA:4,1
DA:9,1
DA:14,0
DA:17,0
DA:22,1
LF:5
LH:3
BRF:0
BRH:0
end_of_record
TN:
SF:src\features\pointerLock\pointerLock.jsx
FN:7,(anonymous_0)
FN:13,(anonymous_1)
FN:15,(anonymous_2)
FN:18,(anonymous_3)
FN:27,(anonymous_4)
FN:29,(anonymous_5)
FN:31,(anonymous_6)
FN:35,(anonymous_7)
FN:36,(anonymous_8)
FN:44,(anonymous_9)
FN:50,(anonymous_10)
FN:60,(anonymous_11)
FNF:12
FNH:0
FNDA:0,(anonymous_0)
FNDA:0,(anonymous_1)
FNDA:0,(anonymous_2)
FNDA:0,(anonymous_3)
FNDA:0,(anonymous_4)
FNDA:0,(anonymous_5)
FNDA:0,(anonymous_6)
FNDA:0,(anonymous_7)
FNDA:0,(anonymous_8)
FNDA:0,(anonymous_9)
FNDA:0,(anonymous_10)
FNDA:0,(anonymous_11)
DA:7,0
DA:8,0
DA:9,0
DA:13,0
DA:14,0
DA:15,0
DA:18,0
DA:19,0
DA:20,0
DA:22,0
DA:26,0
DA:27,0
DA:29,0
DA:30,0
DA:31,0
DA:35,0
DA:36,0
DA:37,0
DA:38,0
DA:42,0
DA:44,0
DA:45,0
DA:50,0
DA:51,0
DA:52,0
DA:55,0
DA:60,0
DA:61,0
DA:64,0
LF:29
LH:0
BRDA:19,0,0,0
BRDA:19,0,1,0
BRDA:37,1,0,0
BRDA:37,1,1,0
BRDA:37,2,0,0
BRDA:37,2,1,0
BRDA:51,3,0,0
BRDA:51,3,1,0
BRF:8
BRH:0
end_of_record
TN:
SF:src\features\products\Models.jsx
FN:5,(anonymous_0)
FN:6,(anonymous_1)
FN:9,(anonymous_2)
FN:18,(anonymous_3)
FNF:4
FNH:0
FNDA:0,(anonymous_0)
FNDA:0,(anonymous_1)
FNDA:0,(anonymous_2)
FNDA:0,(anonymous_3)
DA:5,0
DA:6,0
DA:7,0
DA:9,0
DA:10,0
DA:11,0
DA:12,0
DA:16,0
DA:19,0
DA:21,0
LF:10
LH:0
BRDA:11,0,0,0
BRDA:11,0,1,0
BRF:2
BRH:0
end_of_record
TN:
SF:src\features\products\productSlice.js
FN:12,(anonymous_0)
FN:14,(anonymous_1)
FN:22,(anonymous_2)
FN:22,(anonymous_3)
FN:23,(anonymous_4)
FN:25,(anonymous_5)
FN:25,(anonymous_6)
FN:26,(anonymous_7)
FNF:8
FNH:0
FNDA:0,(anonymous_0)
FNDA:0,(anonymous_1)
FNDA:0,(anonymous_2)
FNDA:0,(anonymous_3)
FNDA:0,(anonymous_4)
FNDA:0,(anonymous_5)
FNDA:0,(anonymous_6)
FNDA:0,(anonymous_7)
DA:4,1
DA:8,1
DA:13,0
DA:14,0
DA:15,0
DA:16,0
DA:22,1
DA:23,0
DA:25,1
DA:26,0
DA:28,1
LF:11
LH:5
BRDA:15,0,0,0
BRDA:15,0,1,0
BRF:2
BRH:0
end_of_record
TN:
SF:src\features\products\model\Model.jsx
FN:7,(anonymous_0)
FN:18,(anonymous_1)
FN:21,(anonymous_2)
FN:29,(anonymous_3)
FN:41,(anonymous_4)
FN:42,(anonymous_5)
FN:51,(anonymous_6)
FN:53,(anonymous_7)
FNF:8
FNH:0
FNDA:0,(anonymous_0)
FNDA:0,(anonymous_1)
FNDA:0,(anonymous_2)
FNDA:0,(anonymous_3)
FNDA:0,(anonymous_4)
FNDA:0,(anonymous_5)
FNDA:0,(anonymous_6)
FNDA:0,(anonymous_7)
DA:7,0
DA:8,0
DA:9,0
DA:10,0
DA:12,0
DA:13,0
DA:14,0
DA:15,0
DA:17,0
DA:18,0
DA:19,0
DA:21,0
DA:22,0
DA:23,0
DA:24,0
DA:29,0
DA:30,0
DA:31,0
DA:32,0
DA:33,0
DA:34,0
DA:35,0
DA:41,0
DA:42,0
DA:43,0
DA:44,0
DA:45,0
DA:46,0
DA:51,0
DA:52,0
DA:53,0
DA:54,0
DA:55,0
DA:61,0
LF:34
LH:0
BRDA:22,0,0,0
BRDA:22,0,1,0
BRDA:30,1,0,0
BRDA:30,1,1,0
BRDA:32,2,0,0
BRDA:32,2,1,0
BRDA:34,3,0,0
BRDA:34,3,1,0
BRDA:43,4,0,0
BRDA:43,4,1,0
BRDA:52,5,0,0
BRDA:52,5,1,0
BRDA:54,6,0,0
BRDA:54,6,1,0
BRF:14
BRH:0
end_of_record
TN:
SF:src\features\raycaster\Raycaster.jsx
FN:8,(anonymous_0)
FN:17,(anonymous_1)
FN:18,(anonymous_2)
FN:33,(anonymous_3)
FN:39,(anonymous_4)
FNF:5
FNH:0
FNDA:0,(anonymous_0)
FNDA:0,(anonymous_1)
FNDA:0,(anonymous_2)
FNDA:0,(anonymous_3)
FNDA:0,(anonymous_4)
DA:8,0
DA:9,0
DA:12,0
DA:14,0
DA:15,0
DA:17,0
DA:18,0
DA:20,0
DA:21,0
DA:24,0
DA:27,0
DA:28,0
DA:31,0
DA:33,0
DA:34,0
DA:39,0
DA:40,0
DA:41,0
DA:42,0
DA:43,0
DA:45,0
DA:46,0
DA:49,0
DA:54,0
LF:24
LH:0
BRDA:40,0,0,0
BRDA:40,0,1,0
BRDA:41,1,0,0
BRDA:41,1,1,0
BRDA:45,2,0,0
BRDA:45,2,1,0
BRF:6
BRH:0
end_of_record
TN:
SF:src\features\scene\Scene.jsx
FN:8,(anonymous_0)
FNF:1
FNH:0
FNDA:0,(anonymous_0)
DA:8,0
DA:10,0
LF:2
LH:0
BRF:0
BRH:0
end_of_record
